2025-05-09 07:30:48 INFO  cic.cs.unb.ca.jnetpcap.worker.TrafficFlowWorker    Pcap is listening...
2025-05-09 07:31:33 DEBUG cic.cs.unb.ca.jnetpcap.FlowGenerator    FlagFIN current has 35 flow
2025-05-09 07:31:33 DEBUG cic.cs.unb.ca.jnetpcap.FlowGenerator    FlagFIN current has 35 flow
2025-05-09 07:31:33 DEBUG cic.cs.unb.ca.jnetpcap.FlowGenerator    FlagFIN current has 35 flow
2025-05-09 07:31:33 DEBUG cic.cs.unb.ca.jnetpcap.FlowGenerator    FlagFIN current has 34 flow
2025-05-09 07:31:33 DEBUG cic.cs.unb.ca.jnetpcap.FlowGenerator    FlagFIN current has 33 flow
2025-05-09 07:31:33 DEBUG cic.cs.unb.ca.jnetpcap.FlowGenerator    FlagFIN current has 35 flow
2025-05-09 07:31:33 DEBUG cic.cs.unb.ca.jnetpcap.FlowGenerator    FlagFIN current has 34 flow
2025-05-09 07:31:33 DEBUG cic.cs.unb.ca.jnetpcap.FlowGenerator    FlagFIN current has 35 flow
2025-05-09 07:31:33 DEBUG cic.cs.unb.ca.jnetpcap.FlowGenerator    FlagFIN current has 35 flow
2025-05-09 07:31:33 DEBUG cic.cs.unb.ca.jnetpcap.FlowGenerator    FlagFIN current has 34 flow
2025-05-09 07:31:33 DEBUG cic.cs.unb.ca.jnetpcap.FlowGenerator    FlagFIN current has 34 flow
2025-05-09 07:32:39 DEBUG cic.cs.unb.ca.jnetpcap.FlowGenerator    FlagFIN current has 15058 flow
2025-05-09 07:32:39 DEBUG cic.cs.unb.ca.jnetpcap.FlowGenerator    FlagFIN current has 15058 flow
2025-05-09 07:33:05 DEBUG cic.cs.unb.ca.jnetpcap.FlowGenerator    FlagFIN current has 22558 flow
2025-05-09 07:33:09 DEBUG cic.cs.unb.ca.jnetpcap.FlowGenerator    FlagFIN current has 24103 flow
2025-05-09 07:33:26 DEBUG cic.cs.unb.ca.jnetpcap.FlowGenerator    FlagFIN current has 36086 flow
2025-05-09 07:33:26 DEBUG cic.cs.unb.ca.jnetpcap.FlowGenerator    FlagFIN current has 36091 flow
2025-05-09 07:33:41 INFO  cic.cs.unb.ca.flow.ui.FlowMonitorPane    path:/home/kali/Desktop/CICFlowMeter-master/data/daily/2025-05-09_Flow.csv
2025-05-09 07:34:06 DEBUG cic.cs.unb.ca.jnetpcap.worker.TrafficFlowWorker    break Packet loop
2025-05-09 07:34:06 INFO  cic.cs.unb.ca.flow.ui.FlowMonitorPane    Pcap stop listening
2025-05-09 07:36:12 INFO  cic.cs.unb.ca.jnetpcap.worker.TrafficFlowWorker    Pcap is listening...
2025-05-09 07:37:13 DEBUG cic.cs.unb.ca.jnetpcap.FlowGenerator    FlagFIN current has 14 flow
2025-05-09 07:37:13 DEBUG cic.cs.unb.ca.jnetpcap.FlowGenerator    FlagFIN current has 14 flow
2025-05-09 07:37:13 DEBUG cic.cs.unb.ca.jnetpcap.FlowGenerator    FlagFIN current has 16 flow
2025-05-09 07:37:13 DEBUG cic.cs.unb.ca.jnetpcap.FlowGenerator    FlagFIN current has 18 flow
2025-05-09 07:37:13 DEBUG cic.cs.unb.ca.jnetpcap.FlowGenerator    FlagFIN current has 18 flow
2025-05-09 07:37:13 DEBUG cic.cs.unb.ca.jnetpcap.FlowGenerator    FlagFIN current has 18 flow
2025-05-09 07:37:13 DEBUG cic.cs.unb.ca.jnetpcap.FlowGenerator    FlagFIN current has 39 flow
2025-05-09 07:37:13 DEBUG cic.cs.unb.ca.jnetpcap.FlowGenerator    FlagFIN current has 39 flow
2025-05-09 07:37:13 DEBUG cic.cs.unb.ca.jnetpcap.FlowGenerator    FlagFIN current has 39 flow
2025-05-09 07:37:13 DEBUG cic.cs.unb.ca.jnetpcap.FlowGenerator    FlagFIN current has 38 flow
2025-05-09 07:37:13 DEBUG cic.cs.unb.ca.jnetpcap.FlowGenerator    FlagFIN current has 37 flow
2025-05-09 07:37:13 DEBUG cic.cs.unb.ca.jnetpcap.FlowGenerator    FlagFIN current has 37 flow
2025-05-09 07:37:13 DEBUG cic.cs.unb.ca.jnetpcap.FlowGenerator    FlagFIN current has 37 flow
2025-05-09 07:37:13 DEBUG cic.cs.unb.ca.jnetpcap.FlowGenerator    FlagFIN current has 36 flow
2025-05-09 07:37:13 DEBUG cic.cs.unb.ca.jnetpcap.FlowGenerator    FlagFIN current has 42 flow
2025-05-09 07:37:13 DEBUG cic.cs.unb.ca.jnetpcap.FlowGenerator    FlagFIN current has 42 flow
2025-05-09 07:37:13 DEBUG cic.cs.unb.ca.jnetpcap.FlowGenerator    FlagFIN current has 42 flow
2025-05-09 07:37:13 DEBUG cic.cs.unb.ca.jnetpcap.FlowGenerator    FlagFIN current has 44 flow
2025-05-09 07:37:13 DEBUG cic.cs.unb.ca.jnetpcap.FlowGenerator    FlagFIN current has 44 flow
2025-05-09 07:37:13 DEBUG cic.cs.unb.ca.jnetpcap.FlowGenerator    FlagFIN current has 47 flow
2025-05-09 07:37:13 DEBUG cic.cs.unb.ca.jnetpcap.FlowGenerator    FlagFIN current has 48 flow
2025-05-09 07:37:13 DEBUG cic.cs.unb.ca.jnetpcap.FlowGenerator    FlagFIN current has 48 flow
2025-05-09 07:38:14 DEBUG cic.cs.unb.ca.jnetpcap.FlowGenerator    FlagFIN current has 62 flow
2025-05-09 07:38:14 DEBUG cic.cs.unb.ca.jnetpcap.FlowGenerator    FlagFIN current has 62 flow
2025-05-09 07:39:05 INFO  cic.cs.unb.ca.flow.ui.FlowMonitorPane    path:/home/kali/Desktop/CICFlowMeter-master/data/daily/2025-05-09_Flow.csv
2025-05-09 07:39:16 DEBUG cic.cs.unb.ca.jnetpcap.worker.TrafficFlowWorker    break Packet loop
2025-05-09 07:39:16 INFO  cic.cs.unb.ca.flow.ui.FlowMonitorPane    Pcap stop listening
2025-05-09 09:00:51 INFO  cic.cs.unb.ca.jnetpcap.worker.TrafficFlowWorker    Pcap is listening...
2025-05-09 09:01:52 DEBUG cic.cs.unb.ca.jnetpcap.FlowGenerator    FlagFIN current has 5 flow
2025-05-09 09:01:52 DEBUG cic.cs.unb.ca.jnetpcap.FlowGenerator    FlagFIN current has 5 flow
2025-05-09 09:01:52 DEBUG cic.cs.unb.ca.jnetpcap.FlowGenerator    FlagFIN current has 38 flow
2025-05-09 09:01:52 DEBUG cic.cs.unb.ca.jnetpcap.FlowGenerator    FlagFIN current has 38 flow
2025-05-09 09:01:52 DEBUG cic.cs.unb.ca.jnetpcap.FlowGenerator    FlagFIN current has 38 flow
2025-05-09 09:01:52 DEBUG cic.cs.unb.ca.jnetpcap.FlowGenerator    FlagFIN current has 39 flow
2025-05-09 09:01:52 DEBUG cic.cs.unb.ca.jnetpcap.FlowGenerator    FlagFIN current has 39 flow
2025-05-09 09:01:52 DEBUG cic.cs.unb.ca.jnetpcap.FlowGenerator    FlagFIN current has 39 flow
2025-05-09 09:01:52 DEBUG cic.cs.unb.ca.jnetpcap.FlowGenerator    FlagFIN current has 39 flow
2025-05-09 09:01:52 DEBUG cic.cs.unb.ca.jnetpcap.FlowGenerator    FlagFIN current has 39 flow
2025-05-09 09:02:01 INFO  cic.cs.unb.ca.flow.ui.FlowMonitorPane    path:/home/kali/Desktop/CICFlowMeter-master/data/daily/2025-05-09_Flow.csv
2025-05-09 09:02:53 DEBUG cic.cs.unb.ca.jnetpcap.worker.TrafficFlowWorker    break Packet loop
2025-05-09 09:02:53 INFO  cic.cs.unb.ca.flow.ui.FlowMonitorPane    Pcap stop listening
2025-05-09 09:15:50 INFO  cic.cs.unb.ca.jnetpcap.worker.TrafficFlowWorker    Pcap is listening...
2025-05-09 09:16:50 INFO  cic.cs.unb.ca.flow.ui.FlowMonitorPane    path:/home/kali/Desktop/CICFlowMeter-master/data/daily/2025-05-09_Flow.csv
2025-05-09 09:16:51 DEBUG cic.cs.unb.ca.jnetpcap.worker.TrafficFlowWorker    break Packet loop
2025-05-09 09:16:51 INFO  cic.cs.unb.ca.flow.ui.FlowMonitorPane    Pcap stop listening
2025-05-09 09:18:49 DEBUG cic.cs.unb.ca.flow.ui.FlowOfflinePane    offline select input /home/kali/Desktop/ccccccccccc.pcap
2025-05-09 09:18:51 DEBUG cic.cs.unb.ca.flow.ui.FlowOfflinePane    offline select output /home/kali/Desktop
2025-05-09 09:18:51 DEBUG cic.cs.unb.ca.jnetpcap.worker.ReadPcapFileWorker    Working on... /home/kali/Desktop/ccccccccccc.pcap
2025-05-09 09:18:51 DEBUG cic.cs.unb.ca.jnetpcap.PacketReader    null
********************************************************************************
0000:*01 80 c2 00* 00 00 0c e1  0d 88 00 04  00 26 42 42    .............&BB
0010: 03 00 00 00  00 00 80 01  0c e1 0d 88  00 00 00 00    ................
0020: 00 00 80 01  0c e1 0d 88  00 00 80 05  00 00 14 00    ................
0030: 02 00 0f 00  00 00 00 00  00 00 00 00*                ............    


2025-05-09 09:18:51 DEBUG cic.cs.unb.ca.jnetpcap.PacketReader    null
********************************************************************************
0000:*01 80 c2 00* 00 00 0c e1  0d 88 00 04  00 26 42 42    .............&BB
0010: 03 00 00 00  00 00 80 01  0c e1 0d 88  00 00 00 00    ................
0020: 00 00 80 01  0c e1 0d 88  00 00 80 05  00 00 14 00    ................
0030: 02 00 0f 00  00 00 00 00  00 00 00 00*                ............    


2025-05-09 09:18:51 DEBUG cic.cs.unb.ca.jnetpcap.PacketReader    null
********************************************************************************
0000:*01 80 c2 00* 00 00 0c e1  0d 88 00 04  00 26 42 42    .............&BB
0010: 03 00 00 00  00 00 80 01  0c e1 0d 88  00 00 00 00    ................
0020: 00 00 80 01  0c e1 0d 88  00 00 80 05  00 00 14 00    ................
0030: 02 00 0f 00  00 00 00 00  00 00 00 00*                ............    


2025-05-09 09:18:51 DEBUG cic.cs.unb.ca.jnetpcap.PacketReader    null
********************************************************************************
0000:*01 80 c2 00* 00 00 0c e1  0d 88 00 04  00 26 42 42    .............&BB
0010: 03 00 00 00  00 00 80 01  0c e1 0d 88  00 00 00 00    ................
0020: 00 00 80 01  0c e1 0d 88  00 00 80 05  00 00 14 00    ................
0030: 02 00 0f 00  00 00 00 00  00 00 00 00*                ............    


2025-05-09 09:18:51 DEBUG cic.cs.unb.ca.jnetpcap.PacketReader    null
********************************************************************************
0000:*01 80 c2 00* 00 00 0c e1  0d 88 00 04  00 26 42 42    .............&BB
0010: 03 00 00 00  00 00 80 01  0c e1 0d 88  00 00 00 00    ................
0020: 00 00 80 01  0c e1 0d 88  00 00 80 05  00 00 14 00    ................
0030: 02 00 0f 00  00 00 00 00  00 00 00 00*                ............    


2025-05-09 09:18:51 DEBUG cic.cs.unb.ca.jnetpcap.PacketReader    null
********************************************************************************
0000:*01 80 c2 00* 00 00 0c e1  0d 88 00 04  00 26 42 42    .............&BB
0010: 03 00 00 00  00 00 80 01  0c e1 0d 88  00 00 00 00    ................
0020: 00 00 80 01  0c e1 0d 88  00 00 80 05  00 00 14 00    ................
0030: 02 00 0f 00  00 00 00 00  00 00 00 00*                ............    


2025-05-09 09:18:51 DEBUG cic.cs.unb.ca.jnetpcap.PacketReader    null
********************************************************************************
0000:*01 80 c2 00* 00 00 0c e1  0d 88 00 04  00 26 42 42    .............&BB
0010: 03 00 00 00  00 00 80 01  0c e1 0d 88  00 00 00 00    ................
0020: 00 00 80 01  0c e1 0d 88  00 00 80 05  00 00 14 00    ................
0030: 02 00 0f 00  00 00 00 00  00 00 00 00*                ............    


2025-05-09 09:18:51 DEBUG cic.cs.unb.ca.jnetpcap.PacketReader    null
********************************************************************************
0000:*01 80 c2 00* 00 00 0c e1  0d 88 00 04  00 26 42 42    .............&BB
0010: 03 00 00 00  00 00 80 01  0c e1 0d 88  00 00 00 00    ................
0020: 00 00 80 01  0c e1 0d 88  00 00 80 05  00 00 14 00    ................
0030: 02 00 0f 00  00 00 00 00  00 00 00 00*                ............    


2025-05-09 09:18:51 DEBUG cic.cs.unb.ca.jnetpcap.PacketReader    null
********************************************************************************
0000:*01 00 0c cc* cc cc 0c e1  0d 88 00 04  00 22 aa aa    ............."..
0010: 03 00 00 0c  20 04 01 00  01 00 05 00  00 02 00 05    .... ...........
0020: 04 00 03 00  05 40 00 04  00 0a 0c e1  0d 88 00 04    .....@..........
0030: 00 00 00 00  00 00 00 00  00 00 00 00*                ............    


2025-05-09 09:18:51 DEBUG cic.cs.unb.ca.jnetpcap.PacketReader    null
********************************************************************************
0000:*01 00 0c 00* 00 00 0c e1  0d 88 00 04  00 4c aa aa    .............L..
0010: 03 00 00 0c  00 03 00 00  00 00 01 00  0c cc cc cc    ................
0020: 0c e1 0d 88  00 04 00 22  aa aa 03 00  00 0c 20 04    ......."...... .
0030: 01 00 01 00  05 00 00 02  00 05 04 00  03 00 05 40    ...............@
0040: 00 04 00 0a  0c e1 0d 88  00 04 00 00  00 00 00 00    ................
0050: 00 00 00 01  ff b5 96 eb  61 23*                      ........a#      


2025-05-09 09:18:51 DEBUG cic.cs.unb.ca.jnetpcap.PacketReader    null
********************************************************************************
0000:*01 80 c2 00* 00 00 0c e1  0d 88 00 04  00 26 42 42    .............&BB
0010: 03 00 00 00  00 00 80 01  0c e1 0d 88  00 00 00 00    ................
0020: 00 00 80 01  0c e1 0d 88  00 00 80 05  00 00 14 00    ................
0030: 02 00 0f 00  00 00 00 00  00 00 00 00*                ............    


2025-05-09 09:18:51 DEBUG cic.cs.unb.ca.jnetpcap.PacketReader    null
********************************************************************************
0000:*01 80 c2 00* 00 00 0c e1  0d 88 00 04  00 26 42 42    .............&BB
0010: 03 00 00 00  00 00 80 01  0c e1 0d 88  00 00 00 00    ................
0020: 00 00 80 01  0c e1 0d 88  00 00 80 05  00 00 14 00    ................
0030: 02 00 0f 00  00 00 00 00  00 00 00 00*                ............    


2025-05-09 09:18:51 DEBUG cic.cs.unb.ca.jnetpcap.PacketReader    null
********************************************************************************
0000:*01 80 c2 00* 00 00 0c e1  0d 88 00 04  00 26 42 42    .............&BB
0010: 03 00 00 00  00 00 80 01  0c e1 0d 88  00 00 00 00    ................
0020: 00 00 80 01  0c e1 0d 88  00 00 80 05  00 00 14 00    ................
0030: 02 00 0f 00  00 00 00 00  00 00 00 00*                ............    


2025-05-09 09:18:51 DEBUG cic.cs.unb.ca.jnetpcap.PacketReader    null
********************************************************************************
0000:*33 33 00 00  00 02 00 0c  29 1c f0 d3* 86 dd 60 04    33......).....`.
0010: 29 9b 00 08  3a ff fe 80  00 00 00 00  00 00 a7 0d    )...:...........
0020: a0 92 1b b5  98 c0 ff 02  00 00 00 00  00 00 00 00    ................
0030: 00 00 00 00  00 02 85 00  81 21 00 00  00 00*         .........!....  


2025-05-09 09:18:51 DEBUG cic.cs.unb.ca.jnetpcap.PacketReader    null
********************************************************************************
0000:*01 80 c2 00* 00 00 0c e1  0d 88 00 04  00 26 42 42    .............&BB
0010: 03 00 00 00  00 00 80 01  0c e1 0d 88  00 00 00 00    ................
0020: 00 00 80 01  0c e1 0d 88  00 00 80 05  00 00 14 00    ................
0030: 02 00 0f 00  00 00 00 00  00 00 00 00*                ............    


2025-05-09 09:18:51 DEBUG cic.cs.unb.ca.jnetpcap.PacketReader    null
********************************************************************************
0000:*01 00 0c cc* cc cc 0c e1  0d 88 00 04  01 9e aa aa    ................
0010: 03 00 00 0c  20 00 02 b4  c0 6f 00 01  00 0a 53 77    .... ....o....Sw
0020: 69 74 63 68  00 05 01 37  43 69 73 63  6f 20 49 4f    itch...7Cisco IO
0030: 53 20 53 6f  66 74 77 61  72 65 2c 20  76 69 6f 73    S Software, vios
0040: 5f 6c 32 20  53 6f 66 74  77 61 72 65  20 28 76 69    _l2 Software (vi
0050: 6f 73 5f 6c  32 2d 41 44  56 45 4e 54  45 52 50 52    os_l2-ADVENTERPR
0060: 49 53 45 4b  39 2d 4d 29  2c 20 56 65  72 73 69 6f    ISEK9-M), Versio
0070: 6e 20 31 35  2e 32 28 43  4d 4c 5f 4e  49 47 48 54    n 15.2(CML_NIGHT
0080: 4c 59 5f 32  30 31 38 30  36 31 39 29  46 4c 4f 5f    LY_20180619)FLO_
0090: 44 53 47 53  37 2c 20 45  41 52 4c 59  20 44 45 50    DSGS7, EARLY DEP
00a0: 4c 4f 59 4d  45 4e 54 20  44 45 56 45  4c 4f 50 4d    LOYMENT DEVELOPM
00b0: 45 4e 54 20  42 55 49 4c  44 2c 20 73  79 6e 63 65    ENT BUILD, synce
00c0: 64 20 74 6f  20 20 56 31  35 32 5f 36  5f 30 5f 38    d to  V152_6_0_8
00d0: 31 5f 45 0a  54 65 63 68  6e 69 63 61  6c 20 53 75    1_E.Technical Su
00e0: 70 70 6f 72  74 3a 20 68  74 74 70 3a  2f 2f 77 77    pport: http://ww
00f0: 77 2e 63 69  73 63 6f 2e  63 6f 6d 2f  74 65 63 68    w.cisco.com/tech
0100: 73 75 70 70  6f 72 74 0a  43 6f 70 79  72 69 67 68    support.Copyrigh
0110: 74 20 28 63  29 20 31 39  38 36 2d 32  30 31 38 20    t (c) 1986-2018 
0120: 62 79 20 43  69 73 63 6f  20 53 79 73  74 65 6d 73    by Cisco Systems
0130: 2c 20 49 6e  63 2e 0a 43  6f 6d 70 69  6c 65 64 20    , Inc..Compiled 
0140: 54 75 65 20  31 39 2d 4a  75 6e 2d 31  38 20 30 36    Tue 19-Jun-18 06
0150: 3a 30 36 20  62 79 20 6d  6d 65 6e 00  06 00 0a 43    :06 by mmen....C
0160: 69 73 63 6f  20 00 02 00  08 00 00 00  00 00 03 00    isco ...........
0170: 16 47 69 67  61 62 69 74  45 74 68 65  72 6e 65 74    .GigabitEthernet
0180: 31 2f 30 00  04 00 08 00  00 00 29 00  09 00 04 00    1/0.......).....
0190: 0a 00 06 00  01 00 0b 00  05 01 00 12  00 05 00 00    ................
01a0: 13 00 05 00  00 16 00 08  00 00 00 00*                ............    


2025-05-09 09:18:51 DEBUG cic.cs.unb.ca.jnetpcap.PacketReader    null
********************************************************************************
0000:*01 80 c2 00* 00 00 0c e1  0d 88 00 04  00 26 42 42    .............&BB
0010: 03 00 00 00  00 00 80 01  0c e1 0d 88  00 00 00 00    ................
0020: 00 00 80 01  0c e1 0d 88  00 00 80 05  00 00 14 00    ................
0030: 02 00 0f 00  00 00 00 00  00 00 00 00*                ............    


2025-05-09 09:18:51 DEBUG cic.cs.unb.ca.jnetpcap.PacketReader    null
********************************************************************************
0000:*01 80 c2 00* 00 00 0c e1  0d 88 00 04  00 26 42 42    .............&BB
0010: 03 00 00 00  00 00 80 01  0c e1 0d 88  00 00 00 00    ................
0020: 00 00 80 01  0c e1 0d 88  00 00 80 05  00 00 14 00    ................
0030: 02 00 0f 00  00 00 00 00  00 00 00 00*                ............    


2025-05-09 09:18:51 DEBUG cic.cs.unb.ca.jnetpcap.PacketReader    null
********************************************************************************
0000:*01 80 c2 00* 00 00 0c e1  0d 88 00 04  00 26 42 42    .............&BB
0010: 03 00 00 00  00 00 80 01  0c e1 0d 88  00 00 00 00    ................
0020: 00 00 80 01  0c e1 0d 88  00 00 80 05  00 00 14 00    ................
0030: 02 00 0f 00  00 00 00 00  00 00 00 00*                ............    


2025-05-09 09:18:51 DEBUG cic.cs.unb.ca.jnetpcap.PacketReader    null
********************************************************************************
0000:*01 80 c2 00* 00 00 0c e1  0d 88 00 04  00 26 42 42    .............&BB
0010: 03 00 00 00  00 00 80 01  0c e1 0d 88  00 00 00 00    ................
0020: 00 00 80 01  0c e1 0d 88  00 00 80 05  00 00 14 00    ................
0030: 02 00 0f 00  00 00 00 00  00 00 00 00*                ............    


2025-05-09 09:18:51 DEBUG cic.cs.unb.ca.jnetpcap.PacketReader    null
********************************************************************************
0000:*01 80 c2 00* 00 00 0c e1  0d 88 00 04  00 26 42 42    .............&BB
0010: 03 00 00 00  00 00 80 01  0c e1 0d 88  00 00 00 00    ................
0020: 00 00 80 01  0c e1 0d 88  00 00 80 05  00 00 14 00    ................
0030: 02 00 0f 00  00 00 00 00  00 00 00 00*                ............    


2025-05-09 09:18:51 DEBUG cic.cs.unb.ca.jnetpcap.PacketReader    null
********************************************************************************
0000:*01 80 c2 00* 00 00 0c e1  0d 88 00 04  00 26 42 42    .............&BB
0010: 03 00 00 00  00 00 80 01  0c e1 0d 88  00 00 00 00    ................
0020: 00 00 80 01  0c e1 0d 88  00 00 80 05  00 00 14 00    ................
0030: 02 00 0f 00  00 00 00 00  00 00 00 00*                ............    


2025-05-09 09:18:51 DEBUG cic.cs.unb.ca.jnetpcap.PacketReader    null
********************************************************************************
0000:*01 80 c2 00* 00 00 0c e1  0d 88 00 04  00 26 42 42    .............&BB
0010: 03 00 00 00  00 00 80 01  0c e1 0d 88  00 00 00 00    ................
0020: 00 00 80 01  0c e1 0d 88  00 00 80 05  00 00 14 00    ................
0030: 02 00 0f 00  00 00 00 00  00 00 00 00*                ............    


2025-05-09 09:18:51 DEBUG cic.cs.unb.ca.jnetpcap.PacketReader    null
********************************************************************************
0000:*01 80 c2 00* 00 00 0c e1  0d 88 00 04  00 26 42 42    .............&BB
0010: 03 00 00 00  00 00 80 01  0c e1 0d 88  00 00 00 00    ................
0020: 00 00 80 01  0c e1 0d 88  00 00 80 05  00 00 14 00    ................
0030: 02 00 0f 00  00 00 00 00  00 00 00 00*                ............    


2025-05-09 09:18:51 DEBUG cic.cs.unb.ca.jnetpcap.PacketReader    null
********************************************************************************
0000:*01 80 c2 00* 00 00 0c e1  0d 88 00 04  00 26 42 42    .............&BB
0010: 03 00 00 00  00 00 80 01  0c e1 0d 88  00 00 00 00    ................
0020: 00 00 80 01  0c e1 0d 88  00 00 80 05  00 00 14 00    ................
0030: 02 00 0f 00  00 00 00 00  00 00 00 00*                ............    


2025-05-09 09:18:51 DEBUG cic.cs.unb.ca.jnetpcap.PacketReader    null
********************************************************************************
0000:*01 80 c2 00* 00 00 0c e1  0d 88 00 04  00 26 42 42    .............&BB
0010: 03 00 00 00  00 00 80 01  0c e1 0d 88  00 00 00 00    ................
0020: 00 00 80 01  0c e1 0d 88  00 00 80 05  00 00 14 00    ................
0030: 02 00 0f 00  00 00 00 00  00 00 00 00*                ............    


2025-05-09 09:18:51 DEBUG cic.cs.unb.ca.jnetpcap.PacketReader    null
********************************************************************************
0000:*01 00 0c cc* cc cc 0c e1  0d 88 00 04  00 22 aa aa    ............."..
0010: 03 00 00 0c  20 04 01 00  01 00 05 00  00 02 00 05    .... ...........
0020: 04 00 03 00  05 40 00 04  00 0a 0c e1  0d 88 00 04    .....@..........
0030: 00 00 00 00  00 00 00 00  00 00 00 00*                ............    


2025-05-09 09:18:51 DEBUG cic.cs.unb.ca.jnetpcap.PacketReader    null
********************************************************************************
0000:*01 00 0c 00* 00 00 0c e1  0d 88 00 04  00 4c aa aa    .............L..
0010: 03 00 00 0c  00 03 00 00  00 00 01 00  0c cc cc cc    ................
0020: 0c e1 0d 88  00 04 00 22  aa aa 03 00  00 0c 20 04    ......."...... .
0030: 01 00 01 00  05 00 00 02  00 05 04 00  03 00 05 40    ...............@
0040: 00 04 00 0a  0c e1 0d 88  00 04 99 9e  00 00 00 00    ................
0050: 00 01 00 00  00 00 bf 70  fb 4d*                      .......p.M      


2025-05-09 09:18:51 DEBUG cic.cs.unb.ca.jnetpcap.PacketReader    null
********************************************************************************
0000:*01 80 c2 00* 00 00 0c e1  0d 88 00 04  00 26 42 42    .............&BB
0010: 03 00 00 00  00 00 80 01  0c e1 0d 88  00 00 00 00    ................
0020: 00 00 80 01  0c e1 0d 88  00 00 80 05  00 00 14 00    ................
0030: 02 00 0f 00  00 00 00 00  00 00 00 00*                ............    


2025-05-09 09:18:51 DEBUG cic.cs.unb.ca.jnetpcap.PacketReader    null
********************************************************************************
0000:*01 80 c2 00* 00 00 0c e1  0d 88 00 04  00 26 42 42    .............&BB
0010: 03 00 00 00  00 00 80 01  0c e1 0d 88  00 00 00 00    ................
0020: 00 00 80 01  0c e1 0d 88  00 00 80 05  00 00 14 00    ................
0030: 02 00 0f 00  00 00 00 00  00 00 00 00*                ............    


2025-05-09 09:18:51 DEBUG cic.cs.unb.ca.jnetpcap.PacketReader    null
********************************************************************************
0000:*33 33 00 00  00 fb 00 50  56 c0 00 13* 86 dd 60 01    33.....PV.....`.
0010: 6a 7b 01 8d  11 01 fe 80  00 00 00 00  00 00 d9 83    j{..............
0020: 30 21 ec 4b  59 9a ff 02  00 00 00 00  00 00 00 00    0!.KY...........
0030: 00 00 00 00  00 fb 14 e9  14 e9 01 8d  08 55 00 00    .............U..
0040: 84 00 00 00  00 01 00 00  00 02 06 5f  64 6f 73 76    ..........._dosv
0050: 63 04 5f 74  63 70 05 6c  6f 63 61 6c  00 00 0c 00    c._tcp.local....
0060: 01 00 00 00  00 00 1c 08  41 53 55 53  4d 4f 48 41    ........ASUSMOHA
0070: 06 5f 64 6f  73 76 63 04  5f 74 63 70  05 6c 6f 63    ._dosvc._tcp.loc
0080: 61 6c 00 08  41 53 55 53  4d 4f 48 41  06 5f 64 6f    al..ASUSMOHA._do
0090: 73 76 63 04  5f 74 63 70  05 6c 6f 63  61 6c 00 00    svc._tcp.local..
00a0: 21 00 01 00  00 00 00 00  16 00 00 00  00 1e 00 08    !...............
00b0: 41 53 55 53  4d 4f 48 41  05 6c 6f 63  61 6c 00 c0    ASUSMOHA.local..
00c0: 45 00 10 00  01 00 00 00  00 00 f8 05  50 3d 32 35    E...........P=25
00d0: 36 15 53 48  30 30 3d 45  54 73 79 35  78 4b 31 32    6.SH00=ETsy5xK12
00e0: 79 66 50 74  62 48 58 15  53 48 30 31  3d 4c 64 30    yfPtbHX.SH01=Ld0
00f0: 65 35 42 66  52 74 55 56  43 31 36 33  6f 15 53 48    e5BfRtUVC163o.SH
0100: 30 32 3d 4c  67 51 46 7a  44 68 72 72  45 6a 4e 56    02=LgQFzDhrrEjNV
0110: 45 76 2f 15  53 48 30 33  3d 4f 70 58  78 36 75 44    Ev/.SH03=OpXx6uD
0120: 67 34 63 6a  52 42 38 4d  35 15 53 48  30 34 3d 4f    g4cjRB8M5.SH04=O
0130: 30 32 48 4f  49 64 64 55  71 57 64 35  6d 4b 69 15    02HOIddUqWd5mKi.
0140: 53 48 30 35  3d 5a 51 62  6b 38 48 54  32 6a 42 37    SH05=ZQbk8HT2jB7
0150: 46 4d 55 7a  76 15 53 48  30 36 3d 68  53 52 50 64    FMUzv.SH06=hSRPd
0160: 50 56 46 48  43 6d 68 7a  59 6d 65 15  53 48 30 37    PVFHCmhzYme.SH07
0170: 3d 6a 46 7a  57 5a 76 56  4a 65 4d 57  2f 5a 6b 56    =jFzWZvVJeMW/ZkV
0180: 66 15 53 48  30 38 3d 74  49 38 69 63  57 79 4f 5a    f.SH08=tI8icWyOZ
0190: 67 51 6f 48  38 71 41 15  53 48 30 39  3d 75 64 6b    gQoH8qA.SH09=udk
01a0: 51 71 50 61  34 36 47 6c  74 46 31 67  41 15 53 48    QqPa46GltF1gA.SH
01b0: 30 61 3d 30  2b 51 76 4a  56 66 55 47  65 4d 78 37    0a=0+QvJVfUGeMx7
01c0: 33 30 51*                                             30Q             


2025-05-09 09:18:51 DEBUG cic.cs.unb.ca.jnetpcap.PacketReader    null
********************************************************************************
0000:*33 33 00 00  00 fb 00 50  56 c0 00 13* 86 dd 60 01    33.....PV.....`.
0010: 6a 7b 00 34  11 01 fe 80  00 00 00 00  00 00 d9 83    j{.4............
0020: 30 21 ec 4b  59 9a ff 02  00 00 00 00  00 00 00 00    0!.KY...........
0030: 00 00 00 00  00 fb 14 e9  14 e9 00 34  dd a2 00 00    ...........4....
0040: 00 00 00 01  00 00 00 00  00 00 08 41  53 55 53 4d    ...........ASUSM
0050: 4f 48 41 06  5f 64 6f 73  76 63 04 5f  74 63 70 05    OHA._dosvc._tcp.
0060: 6c 6f 63 61  6c 00 00 ff  00 01*                      local.....      


2025-05-09 09:18:51 DEBUG cic.cs.unb.ca.jnetpcap.PacketReader    null
********************************************************************************
0000:*33 33 00 00  00 fb 00 50  56 c0 00 05* 86 dd 60 0b    33.....PV.....`.
0010: c0 ab 01 8d  11 01 fe 80  00 00 00 00  00 00 b2 2e    ................
0020: c9 51 bd bd  59 5a ff 02  00 00 00 00  00 00 00 00    .Q..YZ..........
0030: 00 00 00 00  00 fb 14 e9  14 e9 01 8d  c5 47 00 00    .............G..
0040: 84 00 00 00  00 01 00 00  00 02 06 5f  64 6f 73 76    ..........._dosv
0050: 63 04 5f 74  63 70 05 6c  6f 63 61 6c  00 00 0c 00    c._tcp.local....
0060: 01 00 00 00  00 00 1c 08  41 53 55 53  4d 4f 48 41    ........ASUSMOHA
0070: 06 5f 64 6f  73 76 63 04  5f 74 63 70  05 6c 6f 63    ._dosvc._tcp.loc
0080: 61 6c 00 08  41 53 55 53  4d 4f 48 41  06 5f 64 6f    al..ASUSMOHA._do
0090: 73 76 63 04  5f 74 63 70  05 6c 6f 63  61 6c 00 00    svc._tcp.local..
00a0: 21 00 01 00  00 00 00 00  16 00 00 00  00 1e 00 08    !...............
00b0: 41 53 55 53  4d 4f 48 41  05 6c 6f 63  61 6c 00 c0    ASUSMOHA.local..
00c0: 45 00 10 00  01 00 00 00  00 00 f8 05  50 3d 32 35    E...........P=25
00d0: 36 15 53 48  30 30 3d 45  54 73 79 35  78 4b 31 32    6.SH00=ETsy5xK12
00e0: 79 66 50 74  62 48 58 15  53 48 30 31  3d 4c 64 30    yfPtbHX.SH01=Ld0
00f0: 65 35 42 66  52 74 55 56  43 31 36 33  6f 15 53 48    e5BfRtUVC163o.SH
0100: 30 32 3d 4c  67 51 46 7a  44 68 72 72  45 6a 4e 56    02=LgQFzDhrrEjNV
0110: 45 76 2f 15  53 48 30 33  3d 4f 70 58  78 36 75 44    Ev/.SH03=OpXx6uD
0120: 67 34 63 6a  52 42 38 4d  35 15 53 48  30 34 3d 4f    g4cjRB8M5.SH04=O
0130: 30 32 48 4f  49 64 64 55  71 57 64 35  6d 4b 69 15    02HOIddUqWd5mKi.
0140: 53 48 30 35  3d 5a 51 62  6b 38 48 54  32 6a 42 37    SH05=ZQbk8HT2jB7
0150: 46 4d 55 7a  76 15 53 48  30 36 3d 68  53 52 50 64    FMUzv.SH06=hSRPd
0160: 50 56 46 48  43 6d 68 7a  59 6d 65 15  53 48 30 37    PVFHCmhzYme.SH07
0170: 3d 6a 46 7a  57 5a 76 56  4a 65 4d 57  2f 5a 6b 56    =jFzWZvVJeMW/ZkV
0180: 66 15 53 48  30 38 3d 74  49 38 69 63  57 79 4f 5a    f.SH08=tI8icWyOZ
0190: 67 51 6f 48  38 71 41 15  53 48 30 39  3d 75 64 6b    gQoH8qA.SH09=udk
01a0: 51 71 50 61  34 36 47 6c  74 46 31 67  41 15 53 48    QqPa46GltF1gA.SH
01b0: 30 61 3d 30  2b 51 76 4a  56 66 55 47  65 4d 78 37    0a=0+QvJVfUGeMx7
01c0: 33 30 51*                                             30Q             


2025-05-09 09:18:51 DEBUG cic.cs.unb.ca.jnetpcap.PacketReader    null
********************************************************************************
0000:*33 33 00 00  00 fb 00 50  56 c0 00 05* 86 dd 60 0b    33.....PV.....`.
0010: c0 ab 00 34  11 01 fe 80  00 00 00 00  00 00 b2 2e    ...4............
0020: c9 51 bd bd  59 5a ff 02  00 00 00 00  00 00 00 00    .Q..YZ..........
0030: 00 00 00 00  00 fb 14 e9  14 e9 00 34  9a 95 00 00    ...........4....
0040: 00 00 00 01  00 00 00 00  00 00 08 41  53 55 53 4d    ...........ASUSM
0050: 4f 48 41 06  5f 64 6f 73  76 63 04 5f  74 63 70 05    OHA._dosvc._tcp.
0060: 6c 6f 63 61  6c 00 00 ff  00 01*                      local.....      


2025-05-09 09:18:51 DEBUG cic.cs.unb.ca.jnetpcap.PacketReader    null
********************************************************************************
0000:*33 33 00 00  00 fb 00 50  56 c0 00 13* 86 dd 60 01    33.....PV.....`.
0010: 6a 7b 00 34  11 01 fe 80  00 00 00 00  00 00 d9 83    j{.4............
0020: 30 21 ec 4b  59 9a ff 02  00 00 00 00  00 00 00 00    0!.KY...........
0030: 00 00 00 00  00 fb 14 e9  14 e9 00 34  dd a2 00 00    ...........4....
0040: 00 00 00 01  00 00 00 00  00 00 08 41  53 55 53 4d    ...........ASUSM
0050: 4f 48 41 06  5f 64 6f 73  76 63 04 5f  74 63 70 05    OHA._dosvc._tcp.
0060: 6c 6f 63 61  6c 00 00 ff  00 01*                      local.....      


2025-05-09 09:18:51 DEBUG cic.cs.unb.ca.jnetpcap.PacketReader    null
********************************************************************************
0000:*33 33 00 00  00 fb 00 50  56 c0 00 05* 86 dd 60 0b    33.....PV.....`.
0010: c0 ab 00 34  11 01 fe 80  00 00 00 00  00 00 b2 2e    ...4............
0020: c9 51 bd bd  59 5a ff 02  00 00 00 00  00 00 00 00    .Q..YZ..........
0030: 00 00 00 00  00 fb 14 e9  14 e9 00 34  9a 95 00 00    ...........4....
0040: 00 00 00 01  00 00 00 00  00 00 08 41  53 55 53 4d    ...........ASUSM
0050: 4f 48 41 06  5f 64 6f 73  76 63 04 5f  74 63 70 05    OHA._dosvc._tcp.
0060: 6c 6f 63 61  6c 00 00 ff  00 01*                      local.....      


2025-05-09 09:18:51 DEBUG cic.cs.unb.ca.jnetpcap.PacketReader    null
********************************************************************************
0000:*33 33 00 00  00 fb 00 50  56 c0 00 13* 86 dd 60 01    33.....PV.....`.
0010: 6a 7b 00 34  11 01 fe 80  00 00 00 00  00 00 d9 83    j{.4............
0020: 30 21 ec 4b  59 9a ff 02  00 00 00 00  00 00 00 00    0!.KY...........
0030: 00 00 00 00  00 fb 14 e9  14 e9 00 34  dd a2 00 00    ...........4....
0040: 00 00 00 01  00 00 00 00  00 00 08 41  53 55 53 4d    ...........ASUSM
0050: 4f 48 41 06  5f 64 6f 73  76 63 04 5f  74 63 70 05    OHA._dosvc._tcp.
0060: 6c 6f 63 61  6c 00 00 ff  00 01*                      local.....      


2025-05-09 09:18:51 DEBUG cic.cs.unb.ca.jnetpcap.PacketReader    null
********************************************************************************
0000:*33 33 00 00  00 fb 00 50  56 c0 00 05* 86 dd 60 0b    33.....PV.....`.
0010: c0 ab 00 34  11 01 fe 80  00 00 00 00  00 00 b2 2e    ...4............
0020: c9 51 bd bd  59 5a ff 02  00 00 00 00  00 00 00 00    .Q..YZ..........
0030: 00 00 00 00  00 fb 14 e9  14 e9 00 34  9a 95 00 00    ...........4....
0040: 00 00 00 01  00 00 00 00  00 00 08 41  53 55 53 4d    ...........ASUSM
0050: 4f 48 41 06  5f 64 6f 73  76 63 04 5f  74 63 70 05    OHA._dosvc._tcp.
0060: 6c 6f 63 61  6c 00 00 ff  00 01*                      local.....      


2025-05-09 09:18:51 DEBUG cic.cs.unb.ca.jnetpcap.PacketReader    null
********************************************************************************
0000:*33 33 00 00  00 fb 00 50  56 c0 00 13* 86 dd 60 01    33.....PV.....`.
0010: 6a 7b 01 c7  11 01 fe 80  00 00 00 00  00 00 d9 83    j{..............
0020: 30 21 ec 4b  59 9a ff 02  00 00 00 00  00 00 00 00    0!.KY...........
0030: 00 00 00 00  00 fb 14 e9  14 e9 01 c7  13 ff 00 00    ................
0040: 84 00 00 00  00 01 00 00  00 04 06 5f  64 6f 73 76    ..........._dosv
0050: 63 04 5f 74  63 70 05 6c  6f 63 61 6c  00 00 0c 80    c._tcp.local....
0060: 01 00 00 11  94 00 1c 08  41 53 55 53  4d 4f 48 41    ........ASUSMOHA
0070: 06 5f 64 6f  73 76 63 04  5f 74 63 70  05 6c 6f 63    ._dosvc._tcp.loc
0080: 61 6c 00 08  41 53 55 53  4d 4f 48 41  06 5f 64 6f    al..ASUSMOHA._do
0090: 73 76 63 04  5f 74 63 70  05 6c 6f 63  61 6c 00 00    svc._tcp.local..
00a0: 21 80 01 00  00 00 78 00  16 00 00 00  00 1e 00 08    !.....x.........
00b0: 41 53 55 53  4d 4f 48 41  05 6c 6f 63  61 6c 00 c0    ASUSMOHA.local..
00c0: 45 00 10 80  01 00 00 11  94 00 f8 05  50 3d 32 35    E...........P=25
00d0: 36 15 53 48  30 30 3d 45  54 73 79 35  78 4b 31 32    6.SH00=ETsy5xK12
00e0: 79 66 50 74  62 48 58 15  53 48 30 31  3d 4c 64 30    yfPtbHX.SH01=Ld0
00f0: 65 35 42 66  52 74 55 56  43 31 36 33  6f 15 53 48    e5BfRtUVC163o.SH
0100: 30 32 3d 4c  67 51 46 7a  44 68 72 72  45 6a 4e 56    02=LgQFzDhrrEjNV
0110: 45 76 2f 15  53 48 30 33  3d 4f 70 58  78 36 75 44    Ev/.SH03=OpXx6uD
0120: 67 34 63 6a  52 42 38 4d  35 15 53 48  30 34 3d 4f    g4cjRB8M5.SH04=O
0130: 30 32 48 4f  49 64 64 55  71 57 64 35  6d 4b 69 15    02HOIddUqWd5mKi.
0140: 53 48 30 35  3d 5a 51 62  6b 38 48 54  32 6a 42 37    SH05=ZQbk8HT2jB7
0150: 46 4d 55 7a  76 15 53 48  30 36 3d 68  53 52 50 64    FMUzv.SH06=hSRPd
0160: 50 56 46 48  43 6d 68 7a  59 6d 65 15  53 48 30 37    PVFHCmhzYme.SH07
0170: 3d 6a 46 7a  57 5a 76 56  4a 65 4d 57  2f 5a 6b 56    =jFzWZvVJeMW/ZkV
0180: 66 15 53 48  30 38 3d 74  49 38 69 63  57 79 4f 5a    f.SH08=tI8icWyOZ
0190: 67 51 6f 48  38 71 41 15  53 48 30 39  3d 75 64 6b    gQoH8qA.SH09=udk
01a0: 51 71 50 61  34 36 47 6c  74 46 31 67  41 15 53 48    QqPa46GltF1gA.SH
01b0: 30 61 3d 30  2b 51 76 4a  56 66 55 47  65 4d 78 37    0a=0+QvJVfUGeMx7
01c0: 33 30 51 08  41 53 55 53  4d 4f 48 41  05 6c 6f 63    30Q.ASUSMOHA.loc
01d0: 61 6c 00 00  01 80 01 00  00 00 3c 00  04 ac 10 05    al........<.....
01e0: 01 c1 85 00  1c 80 01 00  00 00 3c 00  10 fe 80 00    ..........<.....
01f0: 00 00 00 00  00 d9 83 30  21 ec 4b 59  9a*            .......0!.KY.   


2025-05-09 09:18:51 DEBUG cic.cs.unb.ca.jnetpcap.PacketReader    null
********************************************************************************
0000:*33 33 00 00  00 fb 00 50  56 c0 00 13* 86 dd 60 01    33.....PV.....`.
0010: 6a 7b 01 8e  11 01 fe 80  00 00 00 00  00 00 d9 83    j{..............
0020: 30 21 ec 4b  59 9a ff 02  00 00 00 00  00 00 00 00    0!.KY...........
0030: 00 00 00 00  00 fb 14 e9  14 e9 01 8e  26 16 00 00    ............&...
0040: 84 00 00 00  00 01 00 00  00 03 08 41  53 55 53 4d    ...........ASUSM
0050: 4f 48 41 06  5f 64 6f 73  76 63 04 5f  74 63 70 05    OHA._dosvc._tcp.
0060: 6c 6f 63 61  6c 00 00 21  80 01 00 00  00 78 00 16    local..!.....x..
0070: 00 00 00 00  1e 00 08 41  53 55 53 4d  4f 48 41 05    .......ASUSMOHA.
0080: 6c 6f 63 61  6c 00 c0 0c  00 10 80 01  00 00 11 94    local...........
0090: 00 f8 05 50  3d 32 35 36  15 53 48 30  30 3d 45 54    ...P=256.SH00=ET
00a0: 73 79 35 78  4b 31 32 79  66 50 74 62  48 58 15 53    sy5xK12yfPtbHX.S
00b0: 48 30 31 3d  4c 64 30 65  35 42 66 52  74 55 56 43    H01=Ld0e5BfRtUVC
00c0: 31 36 33 6f  15 53 48 30  32 3d 4c 67  51 46 7a 44    163o.SH02=LgQFzD
00d0: 68 72 72 45  6a 4e 56 45  76 2f 15 53  48 30 33 3d    hrrEjNVEv/.SH03=
00e0: 4f 70 58 78  36 75 44 67  34 63 6a 52  42 38 4d 35    OpXx6uDg4cjRB8M5
00f0: 15 53 48 30  34 3d 4f 30  32 48 4f 49  64 64 55 71    .SH04=O02HOIddUq
0100: 57 64 35 6d  4b 69 15 53  48 30 35 3d  5a 51 62 6b    Wd5mKi.SH05=ZQbk
0110: 38 48 54 32  6a 42 37 46  4d 55 7a 76  15 53 48 30    8HT2jB7FMUzv.SH0
0120: 36 3d 68 53  52 50 64 50  56 46 48 43  6d 68 7a 59    6=hSRPdPVFHCmhzY
0130: 6d 65 15 53  48 30 37 3d  6a 46 7a 57  5a 76 56 4a    me.SH07=jFzWZvVJ
0140: 65 4d 57 2f  5a 6b 56 66  15 53 48 30  38 3d 74 49    eMW/ZkVf.SH08=tI
0150: 38 69 63 57  79 4f 5a 67  51 6f 48 38  71 41 15 53    8icWyOZgQoH8qA.S
0160: 48 30 39 3d  75 64 6b 51  71 50 61 34  36 47 6c 74    H09=udkQqPa46Glt
0170: 46 31 67 41  15 53 48 30  61 3d 30 2b  51 76 4a 56    F1gA.SH0a=0+QvJV
0180: 66 55 47 65  4d 78 37 33  30 51 08 41  53 55 53 4d    fUGeMx730Q.ASUSM
0190: 4f 48 41 05  6c 6f 63 61  6c 00 00 01  80 01 00 00    OHA.local.......
01a0: 00 3c 00 04  ac 10 05 01  c1 4c 00 1c  80 01 00 00    .<.......L......
01b0: 00 3c 00 10  fe 80 00 00  00 00 00 00  d9 83 30 21    .<............0!
01c0: ec 4b 59 9a*                                          .KY.            


2025-05-09 09:18:51 DEBUG cic.cs.unb.ca.jnetpcap.PacketReader    null
********************************************************************************
0000:*33 33 00 00  00 fb 00 50  56 c0 00 05* 86 dd 60 0b    33.....PV.....`.
0010: c0 ab 01 c7  11 01 fe 80  00 00 00 00  00 00 b2 2e    ................
0020: c9 51 bd bd  59 5a ff 02  00 00 00 00  00 00 00 00    .Q..YZ..........
0030: 00 00 00 00  00 fb 14 e9  14 e9 01 c7  c2 ae 00 00    ................
0040: 84 00 00 00  00 01 00 00  00 04 06 5f  64 6f 73 76    ..........._dosv
0050: 63 04 5f 74  63 70 05 6c  6f 63 61 6c  00 00 0c 80    c._tcp.local....
0060: 01 00 00 11  94 00 1c 08  41 53 55 53  4d 4f 48 41    ........ASUSMOHA
0070: 06 5f 64 6f  73 76 63 04  5f 74 63 70  05 6c 6f 63    ._dosvc._tcp.loc
0080: 61 6c 00 08  41 53 55 53  4d 4f 48 41  06 5f 64 6f    al..ASUSMOHA._do
0090: 73 76 63 04  5f 74 63 70  05 6c 6f 63  61 6c 00 00    svc._tcp.local..
00a0: 21 80 01 00  00 00 78 00  16 00 00 00  00 1e 00 08    !.....x.........
00b0: 41 53 55 53  4d 4f 48 41  05 6c 6f 63  61 6c 00 c0    ASUSMOHA.local..
00c0: 45 00 10 80  01 00 00 11  94 00 f8 05  50 3d 32 35    E...........P=25
00d0: 36 15 53 48  30 30 3d 45  54 73 79 35  78 4b 31 32    6.SH00=ETsy5xK12
00e0: 79 66 50 74  62 48 58 15  53 48 30 31  3d 4c 64 30    yfPtbHX.SH01=Ld0
00f0: 65 35 42 66  52 74 55 56  43 31 36 33  6f 15 53 48    e5BfRtUVC163o.SH
0100: 30 32 3d 4c  67 51 46 7a  44 68 72 72  45 6a 4e 56    02=LgQFzDhrrEjNV
0110: 45 76 2f 15  53 48 30 33  3d 4f 70 58  78 36 75 44    Ev/.SH03=OpXx6uD
0120: 67 34 63 6a  52 42 38 4d  35 15 53 48  30 34 3d 4f    g4cjRB8M5.SH04=O
0130: 30 32 48 4f  49 64 64 55  71 57 64 35  6d 4b 69 15    02HOIddUqWd5mKi.
0140: 53 48 30 35  3d 5a 51 62  6b 38 48 54  32 6a 42 37    SH05=ZQbk8HT2jB7
0150: 46 4d 55 7a  76 15 53 48  30 36 3d 68  53 52 50 64    FMUzv.SH06=hSRPd
0160: 50 56 46 48  43 6d 68 7a  59 6d 65 15  53 48 30 37    PVFHCmhzYme.SH07
0170: 3d 6a 46 7a  57 5a 76 56  4a 65 4d 57  2f 5a 6b 56    =jFzWZvVJeMW/ZkV
0180: 66 15 53 48  30 38 3d 74  49 38 69 63  57 79 4f 5a    f.SH08=tI8icWyOZ
0190: 67 51 6f 48  38 71 41 15  53 48 30 39  3d 75 64 6b    gQoH8qA.SH09=udk
01a0: 51 71 50 61  34 36 47 6c  74 46 31 67  41 15 53 48    QqPa46GltF1gA.SH
01b0: 30 61 3d 30  2b 51 76 4a  56 66 55 47  65 4d 78 37    0a=0+QvJVfUGeMx7
01c0: 33 30 51 08  41 53 55 53  4d 4f 48 41  05 6c 6f 63    30Q.ASUSMOHA.loc
01d0: 61 6c 00 00  01 80 01 00  00 00 3c 00  04 ac 10 05    al........<.....
01e0: 02 c1 85 00  1c 80 01 00  00 00 3c 00  10 fe 80 00    ..........<.....
01f0: 00 00 00 00  00 b2 2e c9  51 bd bd 59  5a*            ........Q..YZ   


2025-05-09 09:18:51 DEBUG cic.cs.unb.ca.jnetpcap.PacketReader    null
********************************************************************************
0000:*33 33 00 00  00 fb 00 50  56 c0 00 05* 86 dd 60 0b    33.....PV.....`.
0010: c0 ab 01 8e  11 01 fe 80  00 00 00 00  00 00 b2 2e    ................
0020: c9 51 bd bd  59 5a ff 02  00 00 00 00  00 00 00 00    .Q..YZ..........
0030: 00 00 00 00  00 fb 14 e9  14 e9 01 8e  9f fa 00 00    ................
0040: 84 00 00 00  00 01 00 00  00 03 08 41  53 55 53 4d    ...........ASUSM
0050: 4f 48 41 06  5f 64 6f 73  76 63 04 5f  74 63 70 05    OHA._dosvc._tcp.
0060: 6c 6f 63 61  6c 00 00 21  80 01 00 00  00 78 00 16    local..!.....x..
0070: 00 00 00 00  1e 00 08 41  53 55 53 4d  4f 48 41 05    .......ASUSMOHA.
0080: 6c 6f 63 61  6c 00 c0 0c  00 10 80 01  00 00 11 94    local...........
0090: 00 f8 05 50  3d 32 35 36  15 53 48 30  30 3d 45 54    ...P=256.SH00=ET
00a0: 73 79 35 78  4b 31 32 79  66 50 74 62  48 58 15 53    sy5xK12yfPtbHX.S
00b0: 48 30 31 3d  4c 64 30 65  35 42 66 52  74 55 56 43    H01=Ld0e5BfRtUVC
00c0: 31 36 33 6f  15 53 48 30  32 3d 4c 67  51 46 7a 44    163o.SH02=LgQFzD
00d0: 68 72 72 45  6a 4e 56 45  76 2f 15 53  48 30 33 3d    hrrEjNVEv/.SH03=
00e0: 4f 70 58 78  36 75 44 67  34 63 6a 52  42 38 4d 35    OpXx6uDg4cjRB8M5
00f0: 15 53 48 30  34 3d 4f 30  32 48 4f 49  64 64 55 71    .SH04=O02HOIddUq
0100: 57 64 35 6d  4b 69 15 53  48 30 35 3d  5a 51 62 6b    Wd5mKi.SH05=ZQbk
0110: 38 48 54 32  6a 42 37 46  4d 55 7a 76  15 53 48 30    8HT2jB7FMUzv.SH0
0120: 36 3d 68 53  52 50 64 50  56 46 48 43  6d 68 7a 59    6=hSRPdPVFHCmhzY
0130: 6d 65 15 53  48 30 37 3d  6a 46 7a 57  5a 76 56 4a    me.SH07=jFzWZvVJ
0140: 65 4d 57 2f  5a 6b 56 66  15 53 48 30  38 3d 74 49    eMW/ZkVf.SH08=tI
0150: 38 69 63 57  79 4f 5a 67  51 6f 48 38  71 41 15 53    8icWyOZgQoH8qA.S
0160: 48 30 39 3d  75 64 6b 51  71 50 61 34  36 47 6c 74    H09=udkQqPa46Glt
0170: 46 31 67 41  15 53 48 30  61 3d 30 2b  51 76 4a 56    F1gA.SH0a=0+QvJV
0180: 66 55 47 65  4d 78 37 33  30 51 08 41  53 55 53 4d    fUGeMx730Q.ASUSM
0190: 4f 48 41 05  6c 6f 63 61  6c 00 00 01  80 01 00 00    OHA.local.......
01a0: 00 3c 00 04  ac 10 05 02  c1 4c 00 1c  80 01 00 00    .<.......L......
01b0: 00 3c 00 10  fe 80 00 00  00 00 00 00  b2 2e c9 51    .<.............Q
01c0: bd bd 59 5a*                                          ..YZ            


2025-05-09 09:18:51 DEBUG cic.cs.unb.ca.jnetpcap.PacketReader    null
********************************************************************************
0000:*01 80 c2 00* 00 00 0c e1  0d 88 00 04  00 26 42 42    .............&BB
0010: 03 00 00 00  00 00 80 01  0c e1 0d 88  00 00 00 00    ................
0020: 00 00 80 01  0c e1 0d 88  00 00 80 05  00 00 14 00    ................
0030: 02 00 0f 00  00 00 00 00  00 00 00 00*                ............    


2025-05-09 09:18:51 DEBUG cic.cs.unb.ca.jnetpcap.PacketReader    null
********************************************************************************
0000:*01 80 c2 00* 00 00 0c e1  0d 88 00 04  00 26 42 42    .............&BB
0010: 03 00 00 00  00 00 80 01  0c e1 0d 88  00 00 00 00    ................
0020: 00 00 80 01  0c e1 0d 88  00 00 80 05  00 00 14 00    ................
0030: 02 00 0f 00  00 00 00 00  00 00 00 00*                ............    


2025-05-09 09:18:51 DEBUG cic.cs.unb.ca.jnetpcap.PacketReader    null
********************************************************************************
0000:*01 80 c2 00* 00 00 0c e1  0d 88 00 04  00 26 42 42    .............&BB
0010: 03 00 00 00  00 00 80 01  0c e1 0d 88  00 00 00 00    ................
0020: 00 00 80 01  0c e1 0d 88  00 00 80 05  00 00 14 00    ................
0030: 02 00 0f 00  00 00 00 00  00 00 00 00*                ............    


2025-05-09 09:18:51 DEBUG cic.cs.unb.ca.jnetpcap.PacketReader    null
********************************************************************************
0000:*01 80 c2 00* 00 00 0c e1  0d 88 00 04  00 26 42 42    .............&BB
0010: 03 00 00 00  00 00 80 01  0c e1 0d 88  00 00 00 00    ................
0020: 00 00 80 01  0c e1 0d 88  00 00 80 05  00 00 14 00    ................
0030: 02 00 0f 00  00 00 00 00  00 00 00 00*                ............    


2025-05-09 09:18:51 DEBUG cic.cs.unb.ca.jnetpcap.PacketReader    Read All packets on /home/kali/Desktop/ccccccccccc.pcap
2025-05-09 09:21:56 DEBUG cic.cs.unb.ca.flow.ui.FlowOfflinePane    offline select input /home/kali/Desktop/ccccccccccc.pcap
2025-05-09 09:21:58 DEBUG cic.cs.unb.ca.flow.ui.FlowOfflinePane    offline select output /home/kali/Desktop
2025-05-09 09:22:02 DEBUG cic.cs.unb.ca.jnetpcap.worker.ReadPcapFileWorker    Working on... /home/kali/Desktop/ccccccccccc.pcap
2025-05-09 09:22:02 DEBUG cic.cs.unb.ca.jnetpcap.PacketReader    null
********************************************************************************
0000:*01 80 c2 00* 00 00 0c e1  0d 88 00 04  00 26 42 42    .............&BB
0010: 03 00 00 00  00 00 80 01  0c e1 0d 88  00 00 00 00    ................
0020: 00 00 80 01  0c e1 0d 88  00 00 80 05  00 00 14 00    ................
0030: 02 00 0f 00  00 00 00 00  00 00 00 00*                ............    


2025-05-09 09:22:02 DEBUG cic.cs.unb.ca.jnetpcap.PacketReader    null
********************************************************************************
0000:*01 80 c2 00* 00 00 0c e1  0d 88 00 04  00 26 42 42    .............&BB
0010: 03 00 00 00  00 00 80 01  0c e1 0d 88  00 00 00 00    ................
0020: 00 00 80 01  0c e1 0d 88  00 00 80 05  00 00 14 00    ................
0030: 02 00 0f 00  00 00 00 00  00 00 00 00*                ............    


2025-05-09 09:22:02 DEBUG cic.cs.unb.ca.jnetpcap.PacketReader    null
********************************************************************************
0000:*01 80 c2 00* 00 00 0c e1  0d 88 00 04  00 26 42 42    .............&BB
0010: 03 00 00 00  00 00 80 01  0c e1 0d 88  00 00 00 00    ................
0020: 00 00 80 01  0c e1 0d 88  00 00 80 05  00 00 14 00    ................
0030: 02 00 0f 00  00 00 00 00  00 00 00 00*                ............    


2025-05-09 09:22:02 DEBUG cic.cs.unb.ca.jnetpcap.PacketReader    null
********************************************************************************
0000:*01 80 c2 00* 00 00 0c e1  0d 88 00 04  00 26 42 42    .............&BB
0010: 03 00 00 00  00 00 80 01  0c e1 0d 88  00 00 00 00    ................
0020: 00 00 80 01  0c e1 0d 88  00 00 80 05  00 00 14 00    ................
0030: 02 00 0f 00  00 00 00 00  00 00 00 00*                ............    


2025-05-09 09:22:02 DEBUG cic.cs.unb.ca.jnetpcap.PacketReader    null
********************************************************************************
0000:*01 80 c2 00* 00 00 0c e1  0d 88 00 04  00 26 42 42    .............&BB
0010: 03 00 00 00  00 00 80 01  0c e1 0d 88  00 00 00 00    ................
0020: 00 00 80 01  0c e1 0d 88  00 00 80 05  00 00 14 00    ................
0030: 02 00 0f 00  00 00 00 00  00 00 00 00*                ............    


2025-05-09 09:22:02 DEBUG cic.cs.unb.ca.jnetpcap.PacketReader    null
********************************************************************************
0000:*01 80 c2 00* 00 00 0c e1  0d 88 00 04  00 26 42 42    .............&BB
0010: 03 00 00 00  00 00 80 01  0c e1 0d 88  00 00 00 00    ................
0020: 00 00 80 01  0c e1 0d 88  00 00 80 05  00 00 14 00    ................
0030: 02 00 0f 00  00 00 00 00  00 00 00 00*                ............    


2025-05-09 09:22:05 DEBUG cic.cs.unb.ca.jnetpcap.PacketReader    null
********************************************************************************
0000:*01 80 c2 00* 00 00 0c e1  0d 88 00 04  00 26 42 42    .............&BB
0010: 03 00 00 00  00 00 80 01  0c e1 0d 88  00 00 00 00    ................
0020: 00 00 80 01  0c e1 0d 88  00 00 80 05  00 00 14 00    ................
0030: 02 00 0f 00  00 00 00 00  00 00 00 00*                ............    


2025-05-09 09:22:05 DEBUG cic.cs.unb.ca.jnetpcap.PacketReader    null
********************************************************************************
0000:*01 00 0c cc* cc cc 0c e1  0d 88 00 04  01 9e aa aa    ................
0010: 03 00 00 0c  20 00 02 b4  c0 6f 00 01  00 0a 53 77    .... ....o....Sw
0020: 69 74 63 68  00 05 01 37  43 69 73 63  6f 20 49 4f    itch...7Cisco IO
0030: 53 20 53 6f  66 74 77 61  72 65 2c 20  76 69 6f 73    S Software, vios
0040: 5f 6c 32 20  53 6f 66 74  77 61 72 65  20 28 76 69    _l2 Software (vi
0050: 6f 73 5f 6c  32 2d 41 44  56 45 4e 54  45 52 50 52    os_l2-ADVENTERPR
0060: 49 53 45 4b  39 2d 4d 29  2c 20 56 65  72 73 69 6f    ISEK9-M), Versio
0070: 6e 20 31 35  2e 32 28 43  4d 4c 5f 4e  49 47 48 54    n 15.2(CML_NIGHT
0080: 4c 59 5f 32  30 31 38 30  36 31 39 29  46 4c 4f 5f    LY_20180619)FLO_
0090: 44 53 47 53  37 2c 20 45  41 52 4c 59  20 44 45 50    DSGS7, EARLY DEP
00a0: 4c 4f 59 4d  45 4e 54 20  44 45 56 45  4c 4f 50 4d    LOYMENT DEVELOPM
00b0: 45 4e 54 20  42 55 49 4c  44 2c 20 73  79 6e 63 65    ENT BUILD, synce
00c0: 64 20 74 6f  20 20 56 31  35 32 5f 36  5f 30 5f 38    d to  V152_6_0_8
00d0: 31 5f 45 0a  54 65 63 68  6e 69 63 61  6c 20 53 75    1_E.Technical Su
00e0: 70 70 6f 72  74 3a 20 68  74 74 70 3a  2f 2f 77 77    pport: http://ww
00f0: 77 2e 63 69  73 63 6f 2e  63 6f 6d 2f  74 65 63 68    w.cisco.com/tech
0100: 73 75 70 70  6f 72 74 0a  43 6f 70 79  72 69 67 68    support.Copyrigh
0110: 74 20 28 63  29 20 31 39  38 36 2d 32  30 31 38 20    t (c) 1986-2018 
0120: 62 79 20 43  69 73 63 6f  20 53 79 73  74 65 6d 73    by Cisco Systems
0130: 2c 20 49 6e  63 2e 0a 43  6f 6d 70 69  6c 65 64 20    , Inc..Compiled 
0140: 54 75 65 20  31 39 2d 4a  75 6e 2d 31  38 20 30 36    Tue 19-Jun-18 06
0150: 3a 30 36 20  62 79 20 6d  6d 65 6e 00  06 00 0a 43    :06 by mmen....C
0160: 69 73 63 6f  20 00 02 00  08 00 00 00  00 00 03 00    isco ...........
0170: 16 47 69 67  61 62 69 74  45 74 68 65  72 6e 65 74    .GigabitEthernet
0180: 31 2f 30 00  04 00 08 00  00 00 29 00  09 00 04 00    1/0.......).....
0190: 0a 00 06 00  01 00 0b 00  05 01 00 12  00 05 00 00    ................
01a0: 13 00 05 00  00 16 00 08  00 00 00 00*                ............    


2025-05-09 09:22:05 DEBUG cic.cs.unb.ca.jnetpcap.PacketReader    null
********************************************************************************
0000:*01 80 c2 00* 00 00 0c e1  0d 88 00 04  00 26 42 42    .............&BB
0010: 03 00 00 00  00 00 80 01  0c e1 0d 88  00 00 00 00    ................
0020: 00 00 80 01  0c e1 0d 88  00 00 80 05  00 00 14 00    ................
0030: 02 00 0f 00  00 00 00 00  00 00 00 00*                ............    


2025-05-09 09:22:05 DEBUG cic.cs.unb.ca.jnetpcap.PacketReader    null
********************************************************************************
0000:*01 80 c2 00* 00 00 0c e1  0d 88 00 04  00 26 42 42    .............&BB
0010: 03 00 00 00  00 00 80 01  0c e1 0d 88  00 00 00 00    ................
0020: 00 00 80 01  0c e1 0d 88  00 00 80 05  00 00 14 00    ................
0030: 02 00 0f 00  00 00 00 00  00 00 00 00*                ............    


2025-05-09 09:22:05 DEBUG cic.cs.unb.ca.jnetpcap.PacketReader    Read All packets on /home/kali/Desktop/ccccccccccc.pcap
2025-05-09 09:26:35 DEBUG cic.cs.unb.ca.jnetpcap.worker.ReadPcapFileWorker    Working on... /home/kali/Desktop/ccccccccccc.pcap
2025-05-09 09:26:35 DEBUG cic.cs.unb.ca.jnetpcap.PacketReader    null
********************************************************************************
0000:*01 80 c2 00* 00 00 0c e1  0d 88 00 04  00 26 42 42    .............&BB
0010: 03 00 00 00  00 00 80 01  0c e1 0d 88  00 00 00 00    ................
0020: 00 00 80 01  0c e1 0d 88  00 00 80 05  00 00 14 00    ................
0030: 02 00 0f 00  00 00 00 00  00 00 00 00*                ............    


2025-05-09 09:26:35 DEBUG cic.cs.unb.ca.jnetpcap.PacketReader    null
********************************************************************************
0000:*01 80 c2 00* 00 00 0c e1  0d 88 00 04  00 26 42 42    .............&BB
0010: 03 00 00 00  00 00 80 01  0c e1 0d 88  00 00 00 00    ................
0020: 00 00 80 01  0c e1 0d 88  00 00 80 05  00 00 14 00    ................
0030: 02 00 0f 00  00 00 00 00  00 00 00 00*                ............    


2025-05-09 09:26:35 DEBUG cic.cs.unb.ca.jnetpcap.PacketReader    null
********************************************************************************
0000:*01 80 c2 00* 00 00 0c e1  0d 88 00 04  00 26 42 42    .............&BB
0010: 03 00 00 00  00 00 80 01  0c e1 0d 88  00 00 00 00    ................
0020: 00 00 80 01  0c e1 0d 88  00 00 80 05  00 00 14 00    ................
0030: 02 00 0f 00  00 00 00 00  00 00 00 00*                ............    


2025-05-09 09:26:35 DEBUG cic.cs.unb.ca.jnetpcap.PacketReader    null
********************************************************************************
0000:*01 80 c2 00* 00 00 0c e1  0d 88 00 04  00 26 42 42    .............&BB
0010: 03 00 00 00  00 00 80 01  0c e1 0d 88  00 00 00 00    ................
0020: 00 00 80 01  0c e1 0d 88  00 00 80 05  00 00 14 00    ................
0030: 02 00 0f 00  00 00 00 00  00 00 00 00*                ............    


2025-05-09 09:26:35 DEBUG cic.cs.unb.ca.jnetpcap.PacketReader    null
********************************************************************************
0000:*01 00 0c cc* cc cc 0c e1  0d 88 00 04  00 22 aa aa    ............."..
0010: 03 00 00 0c  20 04 01 00  01 00 05 00  00 02 00 05    .... ...........
0020: 04 00 03 00  05 40 00 04  00 0a 0c e1  0d 88 00 04    .....@..........
0030: 00 00 00 00  00 00 00 00  00 00 00 00*                ............    


2025-05-09 09:26:35 DEBUG cic.cs.unb.ca.jnetpcap.PacketReader    null
********************************************************************************
0000:*01 00 0c 00* 00 00 0c e1  0d 88 00 04  00 4c aa aa    .............L..
0010: 03 00 00 0c  00 03 00 00  00 00 01 00  0c cc cc cc    ................
0020: 0c e1 0d 88  00 04 00 22  aa aa 03 00  00 0c 20 04    ......."...... .
0030: 01 00 01 00  05 00 00 02  00 05 04 00  03 00 05 40    ...............@
0040: 00 04 00 0a  0c e1 0d 88  00 04 01 00  00 14 00 02    ................
0050: 00 0f 00 00  00 00 3a e2  ca 75*                      ......:..u      


2025-05-09 09:26:35 DEBUG cic.cs.unb.ca.jnetpcap.PacketReader    null
********************************************************************************
0000:*01 80 c2 00* 00 00 0c e1  0d 88 00 04  00 26 42 42    .............&BB
0010: 03 00 00 00  00 00 80 01  0c e1 0d 88  00 00 00 00    ................
0020: 00 00 80 01  0c e1 0d 88  00 00 80 05  00 00 14 00    ................
0030: 02 00 0f 00  00 00 00 00  00 00 00 00*                ............    


2025-05-09 09:26:35 DEBUG cic.cs.unb.ca.jnetpcap.PacketReader    null
********************************************************************************
0000:*01 80 c2 00* 00 00 0c e1  0d 88 00 04  00 26 42 42    .............&BB
0010: 03 00 00 00  00 00 80 01  0c e1 0d 88  00 00 00 00    ................
0020: 00 00 80 01  0c e1 0d 88  00 00 80 05  00 00 14 00    ................
0030: 02 00 0f 00  00 00 00 00  00 00 00 00*                ............    


2025-05-09 09:26:35 DEBUG cic.cs.unb.ca.jnetpcap.PacketReader    null
********************************************************************************
0000:*01 80 c2 00* 00 00 0c e1  0d 88 00 04  00 26 42 42    .............&BB
0010: 03 00 00 00  00 00 80 01  0c e1 0d 88  00 00 00 00    ................
0020: 00 00 80 01  0c e1 0d 88  00 00 80 05  00 00 14 00    ................
0030: 02 00 0f 00  00 00 00 00  00 00 00 00*                ............    


2025-05-09 09:26:35 DEBUG cic.cs.unb.ca.jnetpcap.PacketReader    null
********************************************************************************
0000:*01 80 c2 00* 00 00 0c e1  0d 88 00 04  00 26 42 42    .............&BB
0010: 03 00 00 00  00 00 80 01  0c e1 0d 88  00 00 00 00    ................
0020: 00 00 80 01  0c e1 0d 88  00 00 80 05  00 00 14 00    ................
0030: 02 00 0f 00  00 00 00 00  00 00 00 00*                ............    


2025-05-09 09:26:35 DEBUG cic.cs.unb.ca.jnetpcap.PacketReader    null
********************************************************************************
0000:*01 80 c2 00* 00 00 0c e1  0d 88 00 04  00 26 42 42    .............&BB
0010: 03 00 00 00  00 00 80 01  0c e1 0d 88  00 00 00 00    ................
0020: 00 00 80 01  0c e1 0d 88  00 00 80 05  00 00 14 00    ................
0030: 02 00 0f 00  00 00 00 00  00 00 00 00*                ............    


2025-05-09 09:26:35 DEBUG cic.cs.unb.ca.jnetpcap.PacketReader    null
********************************************************************************
0000:*01 80 c2 00* 00 00 0c e1  0d 88 00 04  00 26 42 42    .............&BB
0010: 03 00 00 00  00 00 80 01  0c e1 0d 88  00 00 00 00    ................
0020: 00 00 80 01  0c e1 0d 88  00 00 80 05  00 00 14 00    ................
0030: 02 00 0f 00  00 00 00 00  00 00 00 00*                ............    


2025-05-09 09:26:35 DEBUG cic.cs.unb.ca.jnetpcap.PacketReader    Read All packets on /home/kali/Desktop/ccccccccccc.pcap
2025-05-09 09:29:10 INFO  cic.cs.unb.ca.jnetpcap.worker.TrafficFlowWorker    Pcap is listening...
2025-05-09 09:32:29 INFO  cic.cs.unb.ca.jnetpcap.worker.TrafficFlowWorker    Pcap is listening...
2025-05-09 09:33:00 DEBUG cic.cs.unb.ca.jnetpcap.FlowGenerator    FlagFIN current has 2 flow
2025-05-09 09:33:00 DEBUG cic.cs.unb.ca.jnetpcap.FlowGenerator    FlagFIN current has 2 flow
2025-05-09 09:33:53 DEBUG cic.cs.unb.ca.jnetpcap.FlowGenerator    FlagFIN current has 29059 flow
2025-05-09 09:33:53 DEBUG cic.cs.unb.ca.jnetpcap.FlowGenerator    FlagFIN current has 29059 flow
2025-05-09 09:33:53 DEBUG cic.cs.unb.ca.jnetpcap.FlowGenerator    FlagFIN current has 29058 flow
2025-05-09 09:33:53 DEBUG cic.cs.unb.ca.jnetpcap.FlowGenerator    FlagFIN current has 29058 flow
2025-05-09 09:33:53 DEBUG cic.cs.unb.ca.jnetpcap.FlowGenerator    FlagFIN current has 29064 flow
2025-05-09 09:34:23 DEBUG cic.cs.unb.ca.jnetpcap.FlowGenerator    FlagFIN current has 30083 flow
2025-05-09 09:34:23 DEBUG cic.cs.unb.ca.jnetpcap.FlowGenerator    FlagFIN current has 30083 flow
2025-05-09 09:34:23 DEBUG cic.cs.unb.ca.jnetpcap.FlowGenerator    FlagFIN current has 30097 flow
2025-05-09 09:34:23 DEBUG cic.cs.unb.ca.jnetpcap.FlowGenerator    FlagFIN current has 30097 flow
2025-05-09 09:34:23 DEBUG cic.cs.unb.ca.jnetpcap.FlowGenerator    FlagFIN current has 30111 flow
2025-05-09 09:34:23 DEBUG cic.cs.unb.ca.jnetpcap.FlowGenerator    FlagFIN current has 30111 flow
2025-05-09 09:34:23 DEBUG cic.cs.unb.ca.jnetpcap.FlowGenerator    FlagFIN current has 30125 flow
2025-05-09 09:34:23 DEBUG cic.cs.unb.ca.jnetpcap.FlowGenerator    FlagFIN current has 30125 flow
2025-05-09 09:34:23 DEBUG cic.cs.unb.ca.jnetpcap.FlowGenerator    FlagFIN current has 30124 flow
2025-05-09 09:34:23 DEBUG cic.cs.unb.ca.jnetpcap.FlowGenerator    FlagFIN current has 30141 flow
2025-05-09 09:34:23 DEBUG cic.cs.unb.ca.jnetpcap.FlowGenerator    FlagFIN current has 30141 flow
2025-05-09 09:34:23 DEBUG cic.cs.unb.ca.jnetpcap.FlowGenerator    FlagFIN current has 30146 flow
2025-05-09 09:34:23 DEBUG cic.cs.unb.ca.jnetpcap.FlowGenerator    FlagFIN current has 30146 flow
2025-05-09 09:35:10 DEBUG cic.cs.unb.ca.jnetpcap.FlowGenerator    FlagFIN current has 30151 flow
2025-05-09 09:35:10 DEBUG cic.cs.unb.ca.jnetpcap.FlowGenerator    FlagFIN current has 30151 flow
2025-05-09 09:35:57 INFO  cic.cs.unb.ca.flow.ui.FlowMonitorPane    path:/home/kali/Desktop/CICFlowMeter-master/data/daily/2025-05-09_Flow.csv
2025-05-09 09:36:25 INFO  cic.cs.unb.ca.jnetpcap.worker.TrafficFlowWorker    Pcap is listening...
2025-05-09 09:36:26 INFO  cic.cs.unb.ca.flow.ui.FlowMonitorPane    path:/home/kali/Desktop/CICFlowMeter-master/data/daily/2025-05-09_Flow.csv
2025-05-09 09:36:28 INFO  cic.cs.unb.ca.jnetpcap.worker.TrafficFlowWorker    Pcap is listening...
2025-05-09 09:36:30 DEBUG cic.cs.unb.ca.jnetpcap.worker.TrafficFlowWorker    break Packet loop
2025-05-09 09:36:30 INFO  cic.cs.unb.ca.flow.ui.FlowMonitorPane    Pcap stop listening
2025-05-09 09:36:32 INFO  cic.cs.unb.ca.flow.ui.FlowMonitorPane    path:/home/kali/Desktop/CICFlowMeter-master/data/daily/2025-05-09_Flow.csv
2025-05-09 09:37:24 DEBUG cic.cs.unb.ca.jnetpcap.worker.TrafficFlowWorker    break Packet loop
2025-05-09 09:37:24 INFO  cic.cs.unb.ca.flow.ui.FlowMonitorPane    Pcap stop listening
2025-05-09 09:37:27 DEBUG cic.cs.unb.ca.jnetpcap.worker.TrafficFlowWorker    break Packet loop
2025-05-09 09:37:27 INFO  cic.cs.unb.ca.flow.ui.FlowMonitorPane    Pcap stop listening
2025-05-09 09:37:33 INFO  cic.cs.unb.ca.jnetpcap.worker.TrafficFlowWorker    Pcap is listening...
2025-05-09 09:38:37 DEBUG cic.cs.unb.ca.jnetpcap.FlowGenerator    FlagFIN current has 50314 flow
2025-05-09 09:38:37 DEBUG cic.cs.unb.ca.jnetpcap.FlowGenerator    FlagFIN current has 50314 flow
2025-05-09 09:38:37 DEBUG cic.cs.unb.ca.jnetpcap.FlowGenerator    FlagFIN current has 50318 flow
2025-05-09 09:38:43 INFO  cic.cs.unb.ca.flow.ui.FlowMonitorPane    path:/home/kali/Desktop/CICFlowMeter-master/data/daily/2025-05-09_Flow.csv
2025-05-09 09:39:39 DEBUG cic.cs.unb.ca.jnetpcap.worker.TrafficFlowWorker    break Packet loop
2025-05-09 09:39:39 INFO  cic.cs.unb.ca.flow.ui.FlowMonitorPane    Pcap stop listening
2025-05-09 09:43:52 INFO  cic.cs.unb.ca.jnetpcap.worker.TrafficFlowWorker    Pcap is listening...
2025-05-09 09:45:34 DEBUG cic.cs.unb.ca.jnetpcap.FlowGenerator    FlagFIN current has 59475 flow
2025-05-09 09:45:34 DEBUG cic.cs.unb.ca.jnetpcap.FlowGenerator    FlagFIN current has 59475 flow
2025-05-09 09:45:34 DEBUG cic.cs.unb.ca.jnetpcap.FlowGenerator    FlagFIN current has 59475 flow
2025-05-09 09:45:34 DEBUG cic.cs.unb.ca.jnetpcap.FlowGenerator    FlagFIN current has 59475 flow
2025-05-09 09:45:34 DEBUG cic.cs.unb.ca.jnetpcap.FlowGenerator    FlagFIN current has 59495 flow
2025-05-09 09:45:34 DEBUG cic.cs.unb.ca.jnetpcap.FlowGenerator    FlagFIN current has 59495 flow
2025-05-09 09:46:34 DEBUG cic.cs.unb.ca.jnetpcap.FlowGenerator    Timeout current has 59500 flow
2025-05-09 09:46:34 DEBUG cic.cs.unb.ca.jnetpcap.FlowGenerator    Timeout current has 59500 flow
2025-05-09 09:46:35 DEBUG cic.cs.unb.ca.jnetpcap.FlowGenerator    FlagFIN current has 59515 flow
2025-05-09 09:46:35 DEBUG cic.cs.unb.ca.jnetpcap.FlowGenerator    FlagFIN current has 59515 flow
2025-05-09 09:46:35 DEBUG cic.cs.unb.ca.jnetpcap.FlowGenerator    FlagFIN current has 59514 flow
2025-05-09 09:46:35 DEBUG cic.cs.unb.ca.jnetpcap.FlowGenerator    FlagFIN current has 59514 flow
2025-05-09 09:46:35 DEBUG cic.cs.unb.ca.jnetpcap.FlowGenerator    FlagFIN current has 59513 flow
2025-05-09 09:46:35 DEBUG cic.cs.unb.ca.jnetpcap.FlowGenerator    FlagFIN current has 59513 flow
2025-05-09 09:46:35 DEBUG cic.cs.unb.ca.jnetpcap.FlowGenerator    FlagFIN current has 59514 flow
2025-05-09 09:46:35 DEBUG cic.cs.unb.ca.jnetpcap.FlowGenerator    FlagFIN current has 59514 flow
2025-05-09 09:46:35 DEBUG cic.cs.unb.ca.jnetpcap.FlowGenerator    FlagFIN current has 59517 flow
2025-05-09 09:46:35 DEBUG cic.cs.unb.ca.jnetpcap.FlowGenerator    FlagFIN current has 59517 flow
2025-05-09 09:46:35 DEBUG cic.cs.unb.ca.jnetpcap.FlowGenerator    FlagFIN current has 59517 flow
2025-05-09 09:46:35 DEBUG cic.cs.unb.ca.jnetpcap.FlowGenerator    FlagFIN current has 59517 flow
2025-05-09 09:46:51 DEBUG cic.cs.unb.ca.jnetpcap.FlowGenerator    Timeout current has 60150 flow
2025-05-09 09:46:51 DEBUG cic.cs.unb.ca.jnetpcap.FlowGenerator    Timeout current has 60150 flow
2025-05-09 09:46:51 DEBUG cic.cs.unb.ca.jnetpcap.FlowGenerator    Timeout current has 60150 flow
2025-05-09 09:46:51 DEBUG cic.cs.unb.ca.jnetpcap.FlowGenerator    Timeout current has 60150 flow
2025-05-09 09:46:51 DEBUG cic.cs.unb.ca.jnetpcap.FlowGenerator    Timeout current has 60150 flow
2025-05-09 09:46:51 DEBUG cic.cs.unb.ca.jnetpcap.FlowGenerator    Timeout current has 60150 flow
2025-05-09 09:46:51 DEBUG cic.cs.unb.ca.jnetpcap.FlowGenerator    Timeout current has 60150 flow
2025-05-09 09:46:51 DEBUG cic.cs.unb.ca.jnetpcap.FlowGenerator    Timeout current has 60150 flow
2025-05-09 09:46:51 DEBUG cic.cs.unb.ca.jnetpcap.FlowGenerator    Timeout current has 60150 flow
2025-05-09 09:46:51 DEBUG cic.cs.unb.ca.jnetpcap.FlowGenerator    Timeout current has 60150 flow
2025-05-09 09:46:51 DEBUG cic.cs.unb.ca.jnetpcap.FlowGenerator    Timeout current has 60150 flow
2025-05-09 09:46:51 DEBUG cic.cs.unb.ca.jnetpcap.FlowGenerator    Timeout current has 60150 flow
2025-05-09 09:46:51 DEBUG cic.cs.unb.ca.jnetpcap.FlowGenerator    Timeout current has 60150 flow
2025-05-09 09:46:51 DEBUG cic.cs.unb.ca.jnetpcap.FlowGenerator    Timeout current has 60150 flow
2025-05-09 09:46:51 DEBUG cic.cs.unb.ca.jnetpcap.FlowGenerator    Timeout current has 60150 flow
2025-05-09 09:46:51 DEBUG cic.cs.unb.ca.jnetpcap.FlowGenerator    Timeout current has 60150 flow
2025-05-09 09:46:51 DEBUG cic.cs.unb.ca.jnetpcap.FlowGenerator    Timeout current has 60150 flow
2025-05-09 09:46:51 DEBUG cic.cs.unb.ca.jnetpcap.FlowGenerator    Timeout current has 60150 flow
2025-05-09 09:46:51 DEBUG cic.cs.unb.ca.jnetpcap.FlowGenerator    Timeout current has 60150 flow
2025-05-09 09:46:51 DEBUG cic.cs.unb.ca.jnetpcap.FlowGenerator    Timeout current has 60150 flow
2025-05-09 09:46:51 DEBUG cic.cs.unb.ca.jnetpcap.FlowGenerator    Timeout current has 60150 flow
2025-05-09 09:46:51 DEBUG cic.cs.unb.ca.jnetpcap.FlowGenerator    Timeout current has 60150 flow
2025-05-09 09:46:51 DEBUG cic.cs.unb.ca.jnetpcap.FlowGenerator    Timeout current has 60150 flow
2025-05-09 09:46:51 DEBUG cic.cs.unb.ca.jnetpcap.FlowGenerator    Timeout current has 60150 flow
2025-05-09 09:46:51 DEBUG cic.cs.unb.ca.jnetpcap.FlowGenerator    Timeout current has 60150 flow
2025-05-09 09:46:51 DEBUG cic.cs.unb.ca.jnetpcap.FlowGenerator    Timeout current has 60150 flow
2025-05-09 09:46:51 DEBUG cic.cs.unb.ca.jnetpcap.FlowGenerator    Timeout current has 60150 flow
2025-05-09 09:46:51 DEBUG cic.cs.unb.ca.jnetpcap.FlowGenerator    Timeout current has 60150 flow
2025-05-09 09:46:51 DEBUG cic.cs.unb.ca.jnetpcap.FlowGenerator    Timeout current has 60150 flow
2025-05-09 09:46:51 DEBUG cic.cs.unb.ca.jnetpcap.FlowGenerator    Timeout current has 60150 flow
2025-05-09 09:46:51 DEBUG cic.cs.unb.ca.jnetpcap.FlowGenerator    Timeout current has 60150 flow
2025-05-09 09:46:51 DEBUG cic.cs.unb.ca.jnetpcap.FlowGenerator    Timeout current has 60150 flow
2025-05-09 09:47:06 INFO  cic.cs.unb.ca.flow.ui.FlowMonitorPane    path:/home/kali/Desktop/CICFlowMeter-master/data/daily/2025-05-09_Flow.csv
2025-05-09 09:47:28 DEBUG cic.cs.unb.ca.jnetpcap.worker.TrafficFlowWorker    break Packet loop
2025-05-09 09:47:28 INFO  cic.cs.unb.ca.flow.ui.FlowMonitorPane    Pcap stop listening
2025-05-09 09:51:53 INFO  cic.cs.unb.ca.jnetpcap.worker.TrafficFlowWorker    Pcap is listening...
2025-05-09 09:52:23 INFO  cic.cs.unb.ca.flow.ui.FlowMonitorPane    path:/home/kali/Desktop/CICFlowMeter-master/data/daily/2025-05-09_Flow.csv
2025-05-09 10:03:41 DEBUG cic.cs.unb.ca.jnetpcap.worker.TrafficFlowWorker    break Packet loop
2025-05-09 10:03:41 INFO  cic.cs.unb.ca.flow.ui.FlowMonitorPane    Pcap stop listening
2025-05-09 10:03:52 INFO  cic.cs.unb.ca.jnetpcap.worker.TrafficFlowWorker    Pcap is listening...
2025-05-09 10:04:53 DEBUG cic.cs.unb.ca.jnetpcap.FlowGenerator    FlagFIN current has 24 flow
2025-05-09 10:04:53 DEBUG cic.cs.unb.ca.jnetpcap.FlowGenerator    FlagFIN current has 24 flow
2025-05-09 10:04:53 DEBUG cic.cs.unb.ca.jnetpcap.FlowGenerator    FlagFIN current has 26 flow
2025-05-09 10:04:53 DEBUG cic.cs.unb.ca.jnetpcap.FlowGenerator    FlagFIN current has 26 flow
2025-05-09 10:04:53 DEBUG cic.cs.unb.ca.jnetpcap.FlowGenerator    FlagFIN current has 39 flow
2025-05-09 10:04:53 DEBUG cic.cs.unb.ca.jnetpcap.FlowGenerator    FlagFIN current has 39 flow
2025-05-09 10:05:24 DEBUG cic.cs.unb.ca.jnetpcap.FlowGenerator    FlagFIN current has 55 flow
2025-05-09 10:05:24 DEBUG cic.cs.unb.ca.jnetpcap.FlowGenerator    FlagFIN current has 55 flow
2025-05-09 10:06:31 DEBUG cic.cs.unb.ca.jnetpcap.FlowGenerator    FlagFIN current has 20743 flow
2025-05-09 10:06:31 DEBUG cic.cs.unb.ca.jnetpcap.FlowGenerator    FlagFIN current has 20743 flow
2025-05-09 10:06:54 DEBUG cic.cs.unb.ca.jnetpcap.FlowGenerator    FlagFIN current has 20748 flow
2025-05-09 10:06:54 DEBUG cic.cs.unb.ca.jnetpcap.FlowGenerator    FlagFIN current has 20748 flow
2025-05-09 10:07:14 INFO  cic.cs.unb.ca.flow.ui.FlowMonitorPane    path:/home/kali/Desktop/CICFlowMeter-master/data/daily/2025-05-09_Flow.csv
2025-05-09 10:07:57 DEBUG cic.cs.unb.ca.jnetpcap.worker.TrafficFlowWorker    break Packet loop
2025-05-09 10:07:57 INFO  cic.cs.unb.ca.flow.ui.FlowMonitorPane    Pcap stop listening
2025-05-09 10:11:52 INFO  cic.cs.unb.ca.jnetpcap.worker.TrafficFlowWorker    Pcap is listening...
2025-05-09 10:14:23 INFO  cic.cs.unb.ca.flow.ui.FlowMonitorPane    path:/home/kali/Desktop/CICFlowMeter-master/data/daily/2025-05-09_Flow.csv
2025-05-09 10:14:41 INFO  cic.cs.unb.ca.jnetpcap.worker.TrafficFlowWorker    Pcap is listening...
2025-05-09 10:15:43 DEBUG cic.cs.unb.ca.jnetpcap.FlowGenerator    FlagFIN current has 8 flow
2025-05-09 10:15:43 DEBUG cic.cs.unb.ca.jnetpcap.FlowGenerator    FlagFIN current has 8 flow
2025-05-09 10:15:43 DEBUG cic.cs.unb.ca.jnetpcap.FlowGenerator    FlagFIN current has 25 flow
2025-05-09 10:15:43 DEBUG cic.cs.unb.ca.jnetpcap.FlowGenerator    FlagFIN current has 25 flow
2025-05-09 10:15:43 DEBUG cic.cs.unb.ca.jnetpcap.FlowGenerator    FlagFIN current has 24 flow
2025-05-09 10:15:43 DEBUG cic.cs.unb.ca.jnetpcap.FlowGenerator    FlagFIN current has 24 flow
2025-05-09 10:16:44 DEBUG cic.cs.unb.ca.jnetpcap.FlowGenerator    FlagFIN current has 47 flow
2025-05-09 10:16:44 DEBUG cic.cs.unb.ca.jnetpcap.FlowGenerator    FlagFIN current has 47 flow
2025-05-09 10:17:18 DEBUG cic.cs.unb.ca.jnetpcap.FlowGenerator    FlagFIN current has 74 flow
2025-05-09 10:17:18 DEBUG cic.cs.unb.ca.jnetpcap.FlowGenerator    FlagFIN current has 74 flow
2025-05-09 10:17:18 DEBUG cic.cs.unb.ca.jnetpcap.FlowGenerator    FlagFIN current has 73 flow
2025-05-09 10:17:18 DEBUG cic.cs.unb.ca.jnetpcap.FlowGenerator    FlagFIN current has 73 flow
2025-05-09 10:17:18 DEBUG cic.cs.unb.ca.jnetpcap.FlowGenerator    FlagFIN current has 72 flow
2025-05-09 10:17:18 DEBUG cic.cs.unb.ca.jnetpcap.FlowGenerator    FlagFIN current has 72 flow
2025-05-09 10:17:18 DEBUG cic.cs.unb.ca.jnetpcap.FlowGenerator    FlagFIN current has 71 flow
2025-05-09 10:17:18 DEBUG cic.cs.unb.ca.jnetpcap.FlowGenerator    FlagFIN current has 71 flow
2025-05-09 10:17:18 DEBUG cic.cs.unb.ca.jnetpcap.FlowGenerator    FlagFIN current has 71 flow
2025-05-09 10:17:18 DEBUG cic.cs.unb.ca.jnetpcap.FlowGenerator    FlagFIN current has 71 flow
2025-05-09 10:17:18 DEBUG cic.cs.unb.ca.jnetpcap.FlowGenerator    FlagFIN current has 72 flow
2025-05-09 10:17:18 DEBUG cic.cs.unb.ca.jnetpcap.FlowGenerator    FlagFIN current has 72 flow
2025-05-09 10:17:18 DEBUG cic.cs.unb.ca.jnetpcap.FlowGenerator    FlagFIN current has 89 flow
2025-05-09 10:17:18 DEBUG cic.cs.unb.ca.jnetpcap.FlowGenerator    FlagFIN current has 89 flow
2025-05-09 10:17:18 DEBUG cic.cs.unb.ca.jnetpcap.FlowGenerator    FlagFIN current has 89 flow
2025-05-09 10:17:18 DEBUG cic.cs.unb.ca.jnetpcap.FlowGenerator    FlagFIN current has 88 flow
2025-05-09 10:17:18 DEBUG cic.cs.unb.ca.jnetpcap.FlowGenerator    FlagFIN current has 89 flow
2025-05-09 10:17:18 DEBUG cic.cs.unb.ca.jnetpcap.FlowGenerator    FlagFIN current has 89 flow
2025-05-09 10:17:32 DEBUG cic.cs.unb.ca.jnetpcap.FlowGenerator    FlagFIN current has 107 flow
2025-05-09 10:17:32 DEBUG cic.cs.unb.ca.jnetpcap.FlowGenerator    FlagFIN current has 107 flow
2025-05-09 10:17:32 DEBUG cic.cs.unb.ca.jnetpcap.FlowGenerator    FlagFIN current has 106 flow
2025-05-09 10:17:32 DEBUG cic.cs.unb.ca.jnetpcap.FlowGenerator    FlagFIN current has 106 flow
2025-05-09 10:17:56 DEBUG cic.cs.unb.ca.jnetpcap.FlowGenerator    FlagFIN current has 112 flow
2025-05-09 10:17:56 DEBUG cic.cs.unb.ca.jnetpcap.FlowGenerator    FlagFIN current has 112 flow
2025-05-09 10:17:56 DEBUG cic.cs.unb.ca.jnetpcap.FlowGenerator    FlagFIN current has 112 flow
2025-05-09 10:17:56 DEBUG cic.cs.unb.ca.jnetpcap.FlowGenerator    FlagFIN current has 111 flow
2025-05-09 10:17:56 DEBUG cic.cs.unb.ca.jnetpcap.FlowGenerator    FlagFIN current has 122 flow
2025-05-09 10:17:56 DEBUG cic.cs.unb.ca.jnetpcap.FlowGenerator    FlagFIN current has 122 flow
2025-05-09 10:17:56 DEBUG cic.cs.unb.ca.jnetpcap.FlowGenerator    FlagFIN current has 121 flow
2025-05-09 10:17:56 DEBUG cic.cs.unb.ca.jnetpcap.FlowGenerator    FlagFIN current has 121 flow
2025-05-09 10:17:56 DEBUG cic.cs.unb.ca.jnetpcap.FlowGenerator    FlagFIN current has 124 flow
2025-05-09 10:17:56 DEBUG cic.cs.unb.ca.jnetpcap.FlowGenerator    FlagFIN current has 123 flow
2025-05-09 10:17:56 DEBUG cic.cs.unb.ca.jnetpcap.FlowGenerator    FlagFIN current has 124 flow
2025-05-09 10:17:56 DEBUG cic.cs.unb.ca.jnetpcap.FlowGenerator    FlagFIN current has 123 flow
2025-05-09 10:17:56 DEBUG cic.cs.unb.ca.jnetpcap.FlowGenerator    FlagFIN current has 133 flow
2025-05-09 10:18:57 DEBUG cic.cs.unb.ca.jnetpcap.FlowGenerator    FlagFIN current has 149 flow
2025-05-09 10:18:57 DEBUG cic.cs.unb.ca.jnetpcap.FlowGenerator    FlagFIN current has 149 flow
2025-05-09 10:18:57 DEBUG cic.cs.unb.ca.jnetpcap.FlowGenerator    FlagFIN current has 158 flow
2025-05-09 10:18:57 DEBUG cic.cs.unb.ca.jnetpcap.FlowGenerator    FlagFIN current has 158 flow
2025-05-09 10:19:30 DEBUG cic.cs.unb.ca.jnetpcap.FlowGenerator    FlagFIN current has 167 flow
2025-05-09 10:19:30 DEBUG cic.cs.unb.ca.jnetpcap.FlowGenerator    FlagFIN current has 167 flow
2025-05-09 10:19:30 DEBUG cic.cs.unb.ca.jnetpcap.FlowGenerator    FlagFIN current has 169 flow
2025-05-09 10:19:30 DEBUG cic.cs.unb.ca.jnetpcap.FlowGenerator    FlagFIN current has 168 flow
2025-05-09 10:19:30 DEBUG cic.cs.unb.ca.jnetpcap.FlowGenerator    FlagFIN current has 169 flow
2025-05-09 10:19:30 DEBUG cic.cs.unb.ca.jnetpcap.FlowGenerator    FlagFIN current has 169 flow
2025-05-09 10:19:30 DEBUG cic.cs.unb.ca.jnetpcap.FlowGenerator    FlagFIN current has 171 flow
2025-05-09 10:19:44 DEBUG cic.cs.unb.ca.jnetpcap.FlowGenerator    FlagFIN current has 1172 flow
2025-05-09 10:19:44 DEBUG cic.cs.unb.ca.jnetpcap.FlowGenerator    FlagFIN current has 1171 flow
2025-05-09 10:19:44 DEBUG cic.cs.unb.ca.jnetpcap.FlowGenerator    FlagFIN current has 1172 flow
2025-05-09 10:19:44 DEBUG cic.cs.unb.ca.jnetpcap.FlowGenerator    FlagFIN current has 1171 flow
2025-05-09 10:19:52 DEBUG cic.cs.unb.ca.jnetpcap.FlowGenerator    FlagFIN current has 4173 flow
2025-05-09 10:19:52 DEBUG cic.cs.unb.ca.jnetpcap.FlowGenerator    FlagFIN current has 4172 flow
2025-05-09 10:19:52 DEBUG cic.cs.unb.ca.jnetpcap.FlowGenerator    FlagFIN current has 4171 flow
2025-05-09 10:19:53 DEBUG cic.cs.unb.ca.jnetpcap.FlowGenerator    FlagFIN current has 5173 flow
2025-05-09 10:19:54 DEBUG cic.cs.unb.ca.jnetpcap.FlowGenerator    FlagFIN current has 6173 flow
2025-05-09 10:19:54 DEBUG cic.cs.unb.ca.jnetpcap.FlowGenerator    FlagFIN current has 6173 flow
2025-05-09 10:20:07 DEBUG cic.cs.unb.ca.jnetpcap.FlowGenerator    FlagFIN current has 21176 flow
2025-05-09 10:20:07 DEBUG cic.cs.unb.ca.jnetpcap.FlowGenerator    FlagFIN current has 21176 flow
2025-05-09 10:20:08 DEBUG cic.cs.unb.ca.jnetpcap.FlowGenerator    FlagFIN current has 22548 flow
2025-05-09 10:20:09 DEBUG cic.cs.unb.ca.jnetpcap.FlowGenerator    FlagFIN current has 22800 flow
2025-05-09 10:20:16 DEBUG cic.cs.unb.ca.jnetpcap.FlowGenerator    FlagFIN current has 23176 flow
2025-05-09 10:20:16 DEBUG cic.cs.unb.ca.jnetpcap.FlowGenerator    FlagFIN current has 23176 flow
2025-05-09 10:20:16 DEBUG cic.cs.unb.ca.jnetpcap.FlowGenerator    FlagFIN current has 23178 flow
2025-05-09 10:20:16 DEBUG cic.cs.unb.ca.jnetpcap.FlowGenerator    FlagFIN current has 23178 flow
2025-05-09 10:20:16 DEBUG cic.cs.unb.ca.jnetpcap.FlowGenerator    FlagFIN current has 23180 flow
2025-05-09 10:20:16 DEBUG cic.cs.unb.ca.jnetpcap.FlowGenerator    FlagFIN current has 23180 flow
2025-05-09 10:20:42 DEBUG cic.cs.unb.ca.jnetpcap.FlowGenerator    FlagFIN current has 24182 flow
2025-05-09 10:20:42 DEBUG cic.cs.unb.ca.jnetpcap.FlowGenerator    FlagFIN current has 24183 flow
2025-05-09 10:20:42 DEBUG cic.cs.unb.ca.jnetpcap.FlowGenerator    FlagFIN current has 24183 flow
2025-05-09 10:20:42 DEBUG cic.cs.unb.ca.jnetpcap.FlowGenerator    FlagFIN current has 24183 flow
2025-05-09 10:20:42 DEBUG cic.cs.unb.ca.jnetpcap.FlowGenerator    FlagFIN current has 24182 flow
2025-05-09 10:20:42 DEBUG cic.cs.unb.ca.jnetpcap.FlowGenerator    FlagFIN current has 24183 flow
2025-05-09 10:20:42 DEBUG cic.cs.unb.ca.jnetpcap.FlowGenerator    FlagFIN current has 24183 flow
2025-05-09 10:21:34 DEBUG cic.cs.unb.ca.jnetpcap.FlowGenerator    FlagFIN current has 36893 flow
2025-05-09 10:21:34 DEBUG cic.cs.unb.ca.jnetpcap.FlowGenerator    FlagFIN current has 36893 flow
2025-05-09 10:21:34 DEBUG cic.cs.unb.ca.jnetpcap.FlowGenerator    FlagFIN current has 36892 flow
2025-05-09 10:21:34 DEBUG cic.cs.unb.ca.jnetpcap.FlowGenerator    FlagFIN current has 36892 flow
2025-05-09 10:21:34 DEBUG cic.cs.unb.ca.jnetpcap.FlowGenerator    FlagFIN current has 36906 flow
2025-05-09 10:21:34 DEBUG cic.cs.unb.ca.jnetpcap.FlowGenerator    FlagFIN current has 36906 flow
2025-05-09 10:22:34 DEBUG cic.cs.unb.ca.jnetpcap.FlowGenerator    FlagFIN current has 36909 flow
2025-05-09 10:22:34 DEBUG cic.cs.unb.ca.jnetpcap.FlowGenerator    FlagFIN current has 36909 flow
2025-05-09 10:22:34 DEBUG cic.cs.unb.ca.jnetpcap.FlowGenerator    FlagFIN current has 36909 flow
2025-05-09 10:22:34 DEBUG cic.cs.unb.ca.jnetpcap.FlowGenerator    FlagFIN current has 36910 flow
2025-05-09 10:22:34 DEBUG cic.cs.unb.ca.jnetpcap.FlowGenerator    FlagFIN current has 36909 flow
2025-05-09 10:22:34 DEBUG cic.cs.unb.ca.jnetpcap.FlowGenerator    FlagFIN current has 36910 flow
2025-05-09 10:22:34 DEBUG cic.cs.unb.ca.jnetpcap.FlowGenerator    FlagFIN current has 36910 flow
2025-05-09 10:22:34 DEBUG cic.cs.unb.ca.jnetpcap.FlowGenerator    FlagFIN current has 36921 flow
2025-05-09 10:22:34 DEBUG cic.cs.unb.ca.jnetpcap.FlowGenerator    FlagFIN current has 36921 flow
2025-05-09 10:22:34 DEBUG cic.cs.unb.ca.jnetpcap.FlowGenerator    FlagFIN current has 36920 flow
2025-05-09 10:22:34 DEBUG cic.cs.unb.ca.jnetpcap.FlowGenerator    FlagFIN current has 36922 flow
2025-05-09 10:22:34 DEBUG cic.cs.unb.ca.jnetpcap.FlowGenerator    FlagFIN current has 36921 flow
2025-05-09 10:22:34 DEBUG cic.cs.unb.ca.jnetpcap.FlowGenerator    FlagFIN current has 36921 flow
2025-05-09 10:22:34 DEBUG cic.cs.unb.ca.jnetpcap.FlowGenerator    FlagFIN current has 36922 flow
2025-05-09 10:22:34 DEBUG cic.cs.unb.ca.jnetpcap.FlowGenerator    FlagFIN current has 36922 flow
2025-05-09 10:22:34 DEBUG cic.cs.unb.ca.jnetpcap.FlowGenerator    FlagFIN current has 36921 flow
2025-05-09 10:22:34 DEBUG cic.cs.unb.ca.jnetpcap.FlowGenerator    FlagFIN current has 36921 flow
2025-05-09 10:22:34 DEBUG cic.cs.unb.ca.jnetpcap.FlowGenerator    FlagFIN current has 36928 flow
2025-05-09 10:22:34 DEBUG cic.cs.unb.ca.jnetpcap.FlowGenerator    FlagFIN current has 36928 flow
2025-05-09 10:22:34 DEBUG cic.cs.unb.ca.jnetpcap.FlowGenerator    FlagFIN current has 36929 flow
2025-05-09 10:22:34 DEBUG cic.cs.unb.ca.jnetpcap.FlowGenerator    FlagFIN current has 36929 flow
2025-05-09 10:22:34 DEBUG cic.cs.unb.ca.jnetpcap.FlowGenerator    FlagFIN current has 36932 flow
2025-05-09 10:22:34 DEBUG cic.cs.unb.ca.jnetpcap.FlowGenerator    FlagFIN current has 36931 flow
2025-05-09 10:22:34 DEBUG cic.cs.unb.ca.jnetpcap.FlowGenerator    FlagFIN current has 36932 flow
2025-05-09 10:22:34 DEBUG cic.cs.unb.ca.jnetpcap.FlowGenerator    FlagFIN current has 36931 flow
2025-05-09 10:23:30 INFO  cic.cs.unb.ca.flow.ui.FlowMonitorPane    path:/home/kali/Desktop/CICFlowMeter-master/data/daily/2025-05-09_Flow.csv
2025-05-09 10:23:35 DEBUG cic.cs.unb.ca.jnetpcap.worker.TrafficFlowWorker    break Packet loop
2025-05-09 10:23:35 INFO  cic.cs.unb.ca.flow.ui.FlowMonitorPane    Pcap stop listening
